{"/Users/juandevelop/Documents/Developer/Prueba_Vecindario/vecipost/src/app.js": {"path":"/Users/juandevelop/Documents/Developer/Prueba_Vecindario/vecipost/src/app.js","statementMap":{"0":{"start":{"line":1,"column":0},"end":{"line":1,"column":27}},"1":{"start":{"line":3,"column":14},"end":{"line":3,"column":32}},"2":{"start":{"line":4,"column":18},"end":{"line":4,"column":40}},"3":{"start":{"line":5,"column":11},"end":{"line":5,"column":26}},"4":{"start":{"line":6,"column":15},"end":{"line":6,"column":34}},"5":{"start":{"line":7,"column":9},"end":{"line":7,"column":22}},"6":{"start":{"line":8,"column":11},"end":{"line":8,"column":26}},"7":{"start":{"line":11,"column":25},"end":{"line":11,"column":61}},"8":{"start":{"line":13,"column":19},"end":{"line":13,"column":28}},"9":{"start":{"line":16,"column":2},"end":{"line":16,"column":18}},"10":{"start":{"line":18,"column":2},"end":{"line":18,"column":25}},"11":{"start":{"line":20,"column":2},"end":{"line":20,"column":26}},"12":{"start":{"line":21,"column":2},"end":{"line":21,"column":26}},"13":{"start":{"line":23,"column":2},"end":{"line":23,"column":18}},"14":{"start":{"line":24,"column":2},"end":{"line":24,"column":51}},"15":{"start":{"line":26,"column":22},"end":{"line":26,"column":92}},"16":{"start":{"line":28,"column":2},"end":{"line":42,"column":3}},"17":{"start":{"line":29,"column":4},"end":{"line":41,"column":5}},"18":{"start":{"line":30,"column":22},"end":{"line":30,"column":70}},"19":{"start":{"line":31,"column":6},"end":{"line":31,"column":53}},"20":{"start":{"line":32,"column":6},"end":{"line":37,"column":8}},"21":{"start":{"line":38,"column":6},"end":{"line":38,"column":61}},"22":{"start":{"line":40,"column":6},"end":{"line":40,"column":27}},"23":{"start":{"line":45,"column":0},"end":{"line":45,"column":7}},"24":{"start":{"line":46,"column":0},"end":{"line":46,"column":21}}},"fnMap":{"0":{"name":"main","decl":{"start":{"line":15,"column":15},"end":{"line":15,"column":19}},"loc":{"start":{"line":15,"column":22},"end":{"line":43,"column":1}},"line":15}},"branchMap":{},"s":{"0":3,"1":3,"2":3,"3":3,"4":3,"5":3,"6":3,"7":3,"8":3,"9":3,"10":3,"11":3,"12":3,"13":3,"14":3,"15":3,"16":3,"17":9,"18":9,"19":9,"20":9,"21":9,"22":0,"23":3,"24":3},"f":{"0":3},"b":{},"_coverageSchema":"1a1c01bbd47fc00a2c39e90264f33305004495a9","hash":"00876d326122325cf11e551739060c0cf0747e8d"}
,"/Users/juandevelop/Documents/Developer/Prueba_Vecindario/vecipost/src/db/postgresDB.js": {"path":"/Users/juandevelop/Documents/Developer/Prueba_Vecindario/vecipost/src/db/postgresDB.js","statementMap":{"0":{"start":{"line":3,"column":0},"end":{"line":3,"column":62}},"1":{"start":{"line":5,"column":18},"end":{"line":5,"column":38}},"2":{"start":{"line":6,"column":11},"end":{"line":6,"column":24}},"3":{"start":{"line":7,"column":13},"end":{"line":7,"column":28}},"4":{"start":{"line":8,"column":17},"end":{"line":8,"column":42}},"5":{"start":{"line":17,"column":4},"end":{"line":17,"column":29}},"6":{"start":{"line":18,"column":4},"end":{"line":18,"column":45}},"7":{"start":{"line":19,"column":4},"end":{"line":19,"column":53}},"8":{"start":{"line":20,"column":4},"end":{"line":20,"column":55}},"9":{"start":{"line":21,"column":4},"end":{"line":21,"column":51}},"10":{"start":{"line":22,"column":4},"end":{"line":22,"column":49}},"11":{"start":{"line":23,"column":4},"end":{"line":23,"column":17}},"12":{"start":{"line":24,"column":4},"end":{"line":24,"column":59}},"13":{"start":{"line":25,"column":4},"end":{"line":25,"column":75}},"14":{"start":{"line":26,"column":4},"end":{"line":64,"column":7}},"15":{"start":{"line":65,"column":4},"end":{"line":65,"column":24}},"16":{"start":{"line":71,"column":4},"end":{"line":71,"column":59}},"17":{"start":{"line":75,"column":4},"end":{"line":82,"column":9}},"18":{"start":{"line":77,"column":8},"end":{"line":77,"column":88}},"19":{"start":{"line":80,"column":22},"end":{"line":80,"column":102}},"20":{"start":{"line":81,"column":8},"end":{"line":81,"column":36}},"21":{"start":{"line":84,"column":4},"end":{"line":88,"column":7}},"22":{"start":{"line":85,"column":6},"end":{"line":87,"column":7}},"23":{"start":{"line":86,"column":8},"end":{"line":86,"column":46}},"24":{"start":{"line":90,"column":4},"end":{"line":90,"column":39}},"25":{"start":{"line":91,"column":4},"end":{"line":91,"column":44}},"26":{"start":{"line":92,"column":4},"end":{"line":92,"column":56}},"27":{"start":{"line":93,"column":4},"end":{"line":93,"column":28}},"28":{"start":{"line":97,"column":4},"end":{"line":107,"column":7}},"29":{"start":{"line":98,"column":22},"end":{"line":98,"column":108}},"30":{"start":{"line":99,"column":6},"end":{"line":106,"column":11}},"31":{"start":{"line":102,"column":10},"end":{"line":102,"column":28}},"32":{"start":{"line":105,"column":10},"end":{"line":105,"column":22}},"33":{"start":{"line":110,"column":0},"end":{"line":110,"column":27}}},"fnMap":{"0":{"name":"(anonymous_0)","decl":{"start":{"line":16,"column":2},"end":{"line":16,"column":3}},"loc":{"start":{"line":16,"column":16},"end":{"line":66,"column":3}},"line":16},"1":{"name":"(anonymous_1)","decl":{"start":{"line":68,"column":2},"end":{"line":68,"column":3}},"loc":{"start":{"line":68,"column":24},"end":{"line":72,"column":3}},"line":68},"2":{"name":"(anonymous_2)","decl":{"start":{"line":74,"column":2},"end":{"line":74,"column":3}},"loc":{"start":{"line":74,"column":17},"end":{"line":94,"column":3}},"line":74},"3":{"name":"(anonymous_3)","decl":{"start":{"line":76,"column":14},"end":{"line":76,"column":15}},"loc":{"start":{"line":76,"column":24},"end":{"line":78,"column":7}},"line":76},"4":{"name":"(anonymous_4)","decl":{"start":{"line":79,"column":15},"end":{"line":79,"column":16}},"loc":{"start":{"line":79,"column":25},"end":{"line":82,"column":7}},"line":79},"5":{"name":"(anonymous_5)","decl":{"start":{"line":84,"column":33},"end":{"line":84,"column":34}},"loc":{"start":{"line":84,"column":48},"end":{"line":88,"column":5}},"line":84},"6":{"name":"(anonymous_6)","decl":{"start":{"line":96,"column":2},"end":{"line":96,"column":3}},"loc":{"start":{"line":96,"column":45},"end":{"line":108,"column":3}},"line":96},"7":{"name":"(anonymous_7)","decl":{"start":{"line":97,"column":23},"end":{"line":97,"column":24}},"loc":{"start":{"line":97,"column":50},"end":{"line":107,"column":5}},"line":97},"8":{"name":"(anonymous_8)","decl":{"start":{"line":101,"column":14},"end":{"line":101,"column":15}},"loc":{"start":{"line":101,"column":25},"end":{"line":103,"column":9}},"line":101},"9":{"name":"(anonymous_9)","decl":{"start":{"line":104,"column":15},"end":{"line":104,"column":16}},"loc":{"start":{"line":104,"column":24},"end":{"line":106,"column":9}},"line":104}},"branchMap":{"0":{"loc":{"start":{"line":18,"column":16},"end":{"line":18,"column":44}},"type":"binary-expr","locations":[{"start":{"line":18,"column":16},"end":{"line":18,"column":38}},{"start":{"line":18,"column":42},"end":{"line":18,"column":44}}],"line":18},"1":{"loc":{"start":{"line":19,"column":20},"end":{"line":19,"column":52}},"type":"binary-expr","locations":[{"start":{"line":19,"column":20},"end":{"line":19,"column":46}},{"start":{"line":19,"column":50},"end":{"line":19,"column":52}}],"line":19},"2":{"loc":{"start":{"line":20,"column":20},"end":{"line":20,"column":54}},"type":"binary-expr","locations":[{"start":{"line":20,"column":20},"end":{"line":20,"column":40}},{"start":{"line":20,"column":44},"end":{"line":20,"column":54}}],"line":20},"3":{"loc":{"start":{"line":21,"column":16},"end":{"line":21,"column":50}},"type":"binary-expr","locations":[{"start":{"line":21,"column":16},"end":{"line":21,"column":35}},{"start":{"line":21,"column":39},"end":{"line":21,"column":50}}],"line":21},"4":{"loc":{"start":{"line":22,"column":16},"end":{"line":22,"column":48}},"type":"binary-expr","locations":[{"start":{"line":22,"column":16},"end":{"line":22,"column":43}},{"start":{"line":22,"column":47},"end":{"line":22,"column":48}}],"line":22},"5":{"loc":{"start":{"line":71,"column":11},"end":{"line":71,"column":58}},"type":"binary-expr","locations":[{"start":{"line":71,"column":11},"end":{"line":71,"column":25}},{"start":{"line":71,"column":30},"end":{"line":71,"column":57}}],"line":71},"6":{"loc":{"start":{"line":77,"column":15},"end":{"line":77,"column":87}},"type":"binary-expr","locations":[{"start":{"line":77,"column":15},"end":{"line":77,"column":38}},{"start":{"line":77,"column":42},"end":{"line":77,"column":59}},{"start":{"line":77,"column":63},"end":{"line":77,"column":87}}],"line":77},"7":{"loc":{"start":{"line":85,"column":6},"end":{"line":87,"column":7}},"type":"if","locations":[{"start":{"line":85,"column":6},"end":{"line":87,"column":7}},{"start":{"line":85,"column":6},"end":{"line":87,"column":7}}],"line":85},"8":{"loc":{"start":{"line":96,"column":28},"end":{"line":96,"column":43}},"type":"default-arg","locations":[{"start":{"line":96,"column":35},"end":{"line":96,"column":43}}],"line":96},"9":{"loc":{"start":{"line":98,"column":22},"end":{"line":98,"column":108}},"type":"cond-expr","locations":[{"start":{"line":98,"column":38},"end":{"line":98,"column":70}},{"start":{"line":98,"column":73},"end":{"line":98,"column":108}}],"line":98}},"s":{"0":3,"1":3,"2":3,"3":3,"4":3,"5":3,"6":3,"7":3,"8":3,"9":3,"10":3,"11":3,"12":3,"13":3,"14":3,"15":3,"16":23,"17":3,"18":9,"19":9,"20":9,"21":3,"22":9,"23":9,"24":3,"25":3,"26":3,"27":3,"28":0,"29":0,"30":0,"31":0,"32":0,"33":3},"f":{"0":3,"1":23,"2":3,"3":9,"4":9,"5":9,"6":0,"7":0,"8":0,"9":0},"b":{"0":[3,0],"1":[3,0],"2":[3,0],"3":[3,0],"4":[3,0],"5":[23,3],"6":[9,9,9],"7":[9,0],"8":[0],"9":[0,0]},"_coverageSchema":"1a1c01bbd47fc00a2c39e90264f33305004495a9","hash":"e8b3a24cc4d32747b48ab5149e78c9beb83bd72f"}
,"/Users/juandevelop/Documents/Developer/Prueba_Vecindario/vecipost/src/functions/comments/commentsFunctions.js": {"path":"/Users/juandevelop/Documents/Developer/Prueba_Vecindario/vecipost/src/functions/comments/commentsFunctions.js","statementMap":{"0":{"start":{"line":2,"column":19},"end":{"line":2,"column":49}},"1":{"start":{"line":3,"column":26},"end":{"line":3,"column":59}},"2":{"start":{"line":13,"column":2},"end":{"line":32,"column":5}},"3":{"start":{"line":14,"column":19},"end":{"line":14,"column":64}},"4":{"start":{"line":15,"column":4},"end":{"line":31,"column":9}},"5":{"start":{"line":24,"column":20},"end":{"line":26,"column":10}},"6":{"start":{"line":25,"column":10},"end":{"line":25,"column":34}},"7":{"start":{"line":27,"column":8},"end":{"line":27,"column":23}},"8":{"start":{"line":30,"column":8},"end":{"line":30,"column":18}},"9":{"start":{"line":35,"column":0},"end":{"line":37,"column":2}}},"fnMap":{"0":{"name":"createNewComments","decl":{"start":{"line":12,"column":9},"end":{"line":12,"column":26}},"loc":{"start":{"line":12,"column":67},"end":{"line":33,"column":1}},"line":12},"1":{"name":"(anonymous_1)","decl":{"start":{"line":13,"column":21},"end":{"line":13,"column":22}},"loc":{"start":{"line":13,"column":42},"end":{"line":32,"column":3}},"line":13},"2":{"name":"(anonymous_2)","decl":{"start":{"line":23,"column":12},"end":{"line":23,"column":13}},"loc":{"start":{"line":23,"column":31},"end":{"line":28,"column":7}},"line":23},"3":{"name":"(anonymous_3)","decl":{"start":{"line":24,"column":91},"end":{"line":24,"column":92}},"loc":{"start":{"line":24,"column":98},"end":{"line":26,"column":9}},"line":24},"4":{"name":"(anonymous_4)","decl":{"start":{"line":29,"column":13},"end":{"line":29,"column":14}},"loc":{"start":{"line":29,"column":20},"end":{"line":31,"column":7}},"line":29}},"branchMap":{},"s":{"0":3,"1":3,"2":1,"3":1,"4":1,"5":1,"6":0,"7":1,"8":0,"9":3},"f":{"0":1,"1":1,"2":1,"3":0,"4":0},"b":{},"_coverageSchema":"1a1c01bbd47fc00a2c39e90264f33305004495a9","hash":"3c1b0f50016b3e62e001e2da83fe40de276cf4fb"}
,"/Users/juandevelop/Documents/Developer/Prueba_Vecindario/vecipost/src/functions/postevents/eventsFunctions.js": {"path":"/Users/juandevelop/Documents/Developer/Prueba_Vecindario/vecipost/src/functions/postevents/eventsFunctions.js","statementMap":{"0":{"start":{"line":1,"column":19},"end":{"line":1,"column":49}},"1":{"start":{"line":2,"column":26},"end":{"line":2,"column":59}},"2":{"start":{"line":11,"column":2},"end":{"line":29,"column":5}},"3":{"start":{"line":12,"column":16},"end":{"line":12,"column":20}},"4":{"start":{"line":14,"column":4},"end":{"line":22,"column":5}},"5":{"start":{"line":15,"column":6},"end":{"line":17,"column":9}},"6":{"start":{"line":16,"column":8},"end":{"line":16,"column":32}},"7":{"start":{"line":19,"column":6},"end":{"line":21,"column":9}},"8":{"start":{"line":20,"column":8},"end":{"line":20,"column":32}},"9":{"start":{"line":24,"column":4},"end":{"line":26,"column":7}},"10":{"start":{"line":25,"column":6},"end":{"line":25,"column":30}},"11":{"start":{"line":28,"column":4},"end":{"line":28,"column":19}},"12":{"start":{"line":41,"column":2},"end":{"line":64,"column":5}},"13":{"start":{"line":42,"column":23},"end":{"line":42,"column":66}},"14":{"start":{"line":43,"column":4},"end":{"line":63,"column":9}},"15":{"start":{"line":55,"column":8},"end":{"line":59,"column":9}},"16":{"start":{"line":56,"column":10},"end":{"line":56,"column":28}},"17":{"start":{"line":58,"column":10},"end":{"line":58,"column":74}},"18":{"start":{"line":62,"column":8},"end":{"line":62,"column":32}},"19":{"start":{"line":77,"column":2},"end":{"line":101,"column":5}},"20":{"start":{"line":78,"column":23},"end":{"line":78,"column":66}},"21":{"start":{"line":79,"column":4},"end":{"line":100,"column":9}},"22":{"start":{"line":91,"column":8},"end":{"line":95,"column":9}},"23":{"start":{"line":92,"column":10},"end":{"line":92,"column":39}},"24":{"start":{"line":93,"column":10},"end":{"line":93,"column":43}},"25":{"start":{"line":94,"column":10},"end":{"line":94,"column":30}},"26":{"start":{"line":96,"column":8},"end":{"line":96,"column":24}},"27":{"start":{"line":99,"column":8},"end":{"line":99,"column":32}},"28":{"start":{"line":104,"column":0},"end":{"line":106,"column":2}}},"fnMap":{"0":{"name":"updateEventPost","decl":{"start":{"line":10,"column":9},"end":{"line":10,"column":24}},"loc":{"start":{"line":10,"column":66},"end":{"line":30,"column":1}},"line":10},"1":{"name":"(anonymous_1)","decl":{"start":{"line":11,"column":21},"end":{"line":11,"column":22}},"loc":{"start":{"line":11,"column":48},"end":{"line":29,"column":3}},"line":11},"2":{"name":"(anonymous_2)","decl":{"start":{"line":15,"column":65},"end":{"line":15,"column":66}},"loc":{"start":{"line":15,"column":72},"end":{"line":17,"column":7}},"line":15},"3":{"name":"(anonymous_3)","decl":{"start":{"line":19,"column":69},"end":{"line":19,"column":70}},"loc":{"start":{"line":19,"column":76},"end":{"line":21,"column":7}},"line":19},"4":{"name":"(anonymous_4)","decl":{"start":{"line":24,"column":71},"end":{"line":24,"column":72}},"loc":{"start":{"line":24,"column":78},"end":{"line":26,"column":5}},"line":24},"5":{"name":"clearUserElection","decl":{"start":{"line":40,"column":9},"end":{"line":40,"column":26}},"loc":{"start":{"line":40,"column":56},"end":{"line":65,"column":1}},"line":40},"6":{"name":"(anonymous_6)","decl":{"start":{"line":41,"column":21},"end":{"line":41,"column":22}},"loc":{"start":{"line":41,"column":48},"end":{"line":64,"column":3}},"line":41},"7":{"name":"(anonymous_7)","decl":{"start":{"line":54,"column":12},"end":{"line":54,"column":13}},"loc":{"start":{"line":54,"column":40},"end":{"line":60,"column":7}},"line":54},"8":{"name":"(anonymous_8)","decl":{"start":{"line":61,"column":13},"end":{"line":61,"column":14}},"loc":{"start":{"line":61,"column":20},"end":{"line":63,"column":7}},"line":61},"9":{"name":"addLikeToPost","decl":{"start":{"line":76,"column":9},"end":{"line":76,"column":22}},"loc":{"start":{"line":76,"column":60},"end":{"line":102,"column":1}},"line":76},"10":{"name":"(anonymous_10)","decl":{"start":{"line":77,"column":21},"end":{"line":77,"column":22}},"loc":{"start":{"line":77,"column":42},"end":{"line":101,"column":3}},"line":77},"11":{"name":"(anonymous_11)","decl":{"start":{"line":90,"column":12},"end":{"line":90,"column":13}},"loc":{"start":{"line":90,"column":41},"end":{"line":97,"column":7}},"line":90},"12":{"name":"(anonymous_12)","decl":{"start":{"line":98,"column":13},"end":{"line":98,"column":14}},"loc":{"start":{"line":98,"column":20},"end":{"line":100,"column":7}},"line":98}},"branchMap":{"0":{"loc":{"start":{"line":14,"column":4},"end":{"line":22,"column":5}},"type":"if","locations":[{"start":{"line":14,"column":4},"end":{"line":22,"column":5}},{"start":{"line":14,"column":4},"end":{"line":22,"column":5}}],"line":14},"1":{"loc":{"start":{"line":55,"column":8},"end":{"line":59,"column":9}},"type":"if","locations":[{"start":{"line":55,"column":8},"end":{"line":59,"column":9}},{"start":{"line":55,"column":8},"end":{"line":59,"column":9}}],"line":55},"2":{"loc":{"start":{"line":86,"column":16},"end":{"line":86,"column":30}},"type":"cond-expr","locations":[{"start":{"line":86,"column":25},"end":{"line":86,"column":26}},{"start":{"line":86,"column":29},"end":{"line":86,"column":30}}],"line":86},"3":{"loc":{"start":{"line":87,"column":19},"end":{"line":87,"column":34}},"type":"cond-expr","locations":[{"start":{"line":87,"column":29},"end":{"line":87,"column":30}},{"start":{"line":87,"column":33},"end":{"line":87,"column":34}}],"line":87},"4":{"loc":{"start":{"line":91,"column":8},"end":{"line":95,"column":9}},"type":"if","locations":[{"start":{"line":91,"column":8},"end":{"line":95,"column":9}},{"start":{"line":91,"column":8},"end":{"line":95,"column":9}}],"line":91},"5":{"loc":{"start":{"line":92,"column":24},"end":{"line":92,"column":38}},"type":"cond-expr","locations":[{"start":{"line":92,"column":33},"end":{"line":92,"column":34}},{"start":{"line":92,"column":37},"end":{"line":92,"column":38}}],"line":92},"6":{"loc":{"start":{"line":93,"column":27},"end":{"line":93,"column":42}},"type":"cond-expr","locations":[{"start":{"line":93,"column":37},"end":{"line":93,"column":38}},{"start":{"line":93,"column":41},"end":{"line":93,"column":42}}],"line":93}},"s":{"0":3,"1":3,"2":3,"3":3,"4":3,"5":1,"6":0,"7":2,"8":0,"9":3,"10":0,"11":3,"12":1,"13":1,"14":1,"15":1,"16":1,"17":0,"18":0,"19":2,"20":2,"21":2,"22":2,"23":2,"24":2,"25":2,"26":2,"27":0,"28":3},"f":{"0":3,"1":3,"2":0,"3":0,"4":0,"5":1,"6":1,"7":1,"8":0,"9":2,"10":2,"11":2,"12":0},"b":{"0":[1,2],"1":[1,0],"2":[2,0],"3":[0,2],"4":[2,0],"5":[2,0],"6":[0,2]},"_coverageSchema":"1a1c01bbd47fc00a2c39e90264f33305004495a9","hash":"6ea0b8d05be4921be96e2270d965800afa2a930a"}
,"/Users/juandevelop/Documents/Developer/Prueba_Vecindario/vecipost/src/functions/posts/postFunctions.js": {"path":"/Users/juandevelop/Documents/Developer/Prueba_Vecindario/vecipost/src/functions/posts/postFunctions.js","statementMap":{"0":{"start":{"line":2,"column":19},"end":{"line":2,"column":49}},"1":{"start":{"line":13,"column":2},"end":{"line":78,"column":5}},"2":{"start":{"line":14,"column":16},"end":{"line":14,"column":52}},"3":{"start":{"line":15,"column":25},"end":{"line":15,"column":70}},"4":{"start":{"line":16,"column":22},"end":{"line":16,"column":62}},"5":{"start":{"line":18,"column":4},"end":{"line":77,"column":9}},"6":{"start":{"line":72,"column":8},"end":{"line":72,"column":23}},"7":{"start":{"line":75,"column":8},"end":{"line":75,"column":23}},"8":{"start":{"line":76,"column":8},"end":{"line":76,"column":18}},"9":{"start":{"line":88,"column":2},"end":{"line":155,"column":5}},"10":{"start":{"line":89,"column":18},"end":{"line":89,"column":54}},"11":{"start":{"line":90,"column":27},"end":{"line":90,"column":72}},"12":{"start":{"line":91,"column":22},"end":{"line":91,"column":62}},"13":{"start":{"line":93,"column":4},"end":{"line":154,"column":9}},"14":{"start":{"line":149,"column":8},"end":{"line":149,"column":23}},"15":{"start":{"line":152,"column":8},"end":{"line":152,"column":23}},"16":{"start":{"line":153,"column":8},"end":{"line":153,"column":18}},"17":{"start":{"line":166,"column":2},"end":{"line":229,"column":5}},"18":{"start":{"line":167,"column":16},"end":{"line":167,"column":52}},"19":{"start":{"line":168,"column":25},"end":{"line":168,"column":70}},"20":{"start":{"line":169,"column":4},"end":{"line":228,"column":9}},"21":{"start":{"line":223,"column":8},"end":{"line":223,"column":23}},"22":{"start":{"line":226,"column":8},"end":{"line":226,"column":23}},"23":{"start":{"line":227,"column":8},"end":{"line":227,"column":18}},"24":{"start":{"line":240,"column":2},"end":{"line":256,"column":5}},"25":{"start":{"line":241,"column":16},"end":{"line":241,"column":52}},"26":{"start":{"line":243,"column":4},"end":{"line":255,"column":9}},"27":{"start":{"line":251,"column":8},"end":{"line":251,"column":25}},"28":{"start":{"line":254,"column":8},"end":{"line":254,"column":18}},"29":{"start":{"line":259,"column":0},"end":{"line":264,"column":2}}},"fnMap":{"0":{"name":"getPostDetail","decl":{"start":{"line":12,"column":10},"end":{"line":12,"column":23}},"loc":{"start":{"line":12,"column":57},"end":{"line":79,"column":1}},"line":12},"1":{"name":"(anonymous_1)","decl":{"start":{"line":13,"column":21},"end":{"line":13,"column":22}},"loc":{"start":{"line":13,"column":42},"end":{"line":78,"column":3}},"line":13},"2":{"name":"(anonymous_2)","decl":{"start":{"line":71,"column":12},"end":{"line":71,"column":13}},"loc":{"start":{"line":71,"column":23},"end":{"line":73,"column":7}},"line":71},"3":{"name":"(anonymous_3)","decl":{"start":{"line":74,"column":13},"end":{"line":74,"column":14}},"loc":{"start":{"line":74,"column":20},"end":{"line":77,"column":7}},"line":74},"4":{"name":"getPostsPagination","decl":{"start":{"line":87,"column":9},"end":{"line":87,"column":27}},"loc":{"start":{"line":87,"column":65},"end":{"line":156,"column":1}},"line":87},"5":{"name":"(anonymous_5)","decl":{"start":{"line":88,"column":21},"end":{"line":88,"column":22}},"loc":{"start":{"line":88,"column":42},"end":{"line":155,"column":3}},"line":88},"6":{"name":"(anonymous_6)","decl":{"start":{"line":148,"column":12},"end":{"line":148,"column":13}},"loc":{"start":{"line":148,"column":23},"end":{"line":150,"column":7}},"line":148},"7":{"name":"(anonymous_7)","decl":{"start":{"line":151,"column":13},"end":{"line":151,"column":14}},"loc":{"start":{"line":151,"column":20},"end":{"line":154,"column":7}},"line":151},"8":{"name":"getPostById","decl":{"start":{"line":165,"column":9},"end":{"line":165,"column":20}},"loc":{"start":{"line":165,"column":54},"end":{"line":230,"column":1}},"line":165},"9":{"name":"(anonymous_9)","decl":{"start":{"line":166,"column":21},"end":{"line":166,"column":22}},"loc":{"start":{"line":166,"column":42},"end":{"line":229,"column":3}},"line":166},"10":{"name":"(anonymous_10)","decl":{"start":{"line":222,"column":12},"end":{"line":222,"column":13}},"loc":{"start":{"line":222,"column":23},"end":{"line":224,"column":7}},"line":222},"11":{"name":"(anonymous_11)","decl":{"start":{"line":225,"column":13},"end":{"line":225,"column":14}},"loc":{"start":{"line":225,"column":20},"end":{"line":228,"column":7}},"line":225},"12":{"name":"createNewPosts","decl":{"start":{"line":239,"column":9},"end":{"line":239,"column":23}},"loc":{"start":{"line":239,"column":55},"end":{"line":257,"column":1}},"line":239},"13":{"name":"(anonymous_13)","decl":{"start":{"line":240,"column":21},"end":{"line":240,"column":22}},"loc":{"start":{"line":240,"column":42},"end":{"line":256,"column":3}},"line":240},"14":{"name":"(anonymous_14)","decl":{"start":{"line":250,"column":12},"end":{"line":250,"column":13}},"loc":{"start":{"line":250,"column":31},"end":{"line":252,"column":7}},"line":250},"15":{"name":"(anonymous_15)","decl":{"start":{"line":253,"column":13},"end":{"line":253,"column":14}},"loc":{"start":{"line":253,"column":20},"end":{"line":255,"column":7}},"line":253}},"branchMap":{},"s":{"0":3,"1":5,"2":5,"3":5,"4":5,"5":5,"6":5,"7":0,"8":0,"9":1,"10":1,"11":1,"12":1,"13":1,"14":1,"15":0,"16":0,"17":0,"18":0,"19":0,"20":0,"21":0,"22":0,"23":0,"24":1,"25":1,"26":1,"27":1,"28":0,"29":3},"f":{"0":5,"1":5,"2":5,"3":0,"4":1,"5":1,"6":1,"7":0,"8":0,"9":0,"10":0,"11":0,"12":1,"13":1,"14":1,"15":0},"b":{},"_coverageSchema":"1a1c01bbd47fc00a2c39e90264f33305004495a9","hash":"7faa9179eb33985077f6358832c39d0599fe05ff"}
,"/Users/juandevelop/Documents/Developer/Prueba_Vecindario/vecipost/src/handlers/comments/commentsHandlers.js": {"path":"/Users/juandevelop/Documents/Developer/Prueba_Vecindario/vecipost/src/handlers/comments/commentsHandlers.js","statementMap":{"0":{"start":{"line":1,"column":30},"end":{"line":1,"column":83}},"1":{"start":{"line":2,"column":26},"end":{"line":2,"column":72}},"2":{"start":{"line":14,"column":2},"end":{"line":32,"column":3}},"3":{"start":{"line":15,"column":16},"end":{"line":15,"column":26}},"4":{"start":{"line":16,"column":19},"end":{"line":16,"column":21}},"5":{"start":{"line":18,"column":4},"end":{"line":20,"column":7}},"6":{"start":{"line":19,"column":6},"end":{"line":19,"column":72}},"7":{"start":{"line":22,"column":4},"end":{"line":22,"column":23}},"8":{"start":{"line":25,"column":4},"end":{"line":31,"column":6}},"9":{"start":{"line":43,"column":2},"end":{"line":60,"column":3}},"10":{"start":{"line":44,"column":16},"end":{"line":44,"column":24}},"11":{"start":{"line":45,"column":19},"end":{"line":45,"column":21}},"12":{"start":{"line":47,"column":4},"end":{"line":49,"column":7}},"13":{"start":{"line":48,"column":6},"end":{"line":48,"column":72}},"14":{"start":{"line":51,"column":4},"end":{"line":51,"column":23}},"15":{"start":{"line":53,"column":4},"end":{"line":59,"column":6}},"16":{"start":{"line":81,"column":0},"end":{"line":86,"column":2}}},"fnMap":{"0":{"name":"getAllPostComments","decl":{"start":{"line":13,"column":15},"end":{"line":13,"column":33}},"loc":{"start":{"line":13,"column":44},"end":{"line":33,"column":1}},"line":13},"1":{"name":"(anonymous_1)","decl":{"start":{"line":18,"column":36},"end":{"line":18,"column":37}},"loc":{"start":{"line":18,"column":49},"end":{"line":20,"column":5}},"line":18},"2":{"name":"createPostComment","decl":{"start":{"line":42,"column":15},"end":{"line":42,"column":32}},"loc":{"start":{"line":42,"column":43},"end":{"line":61,"column":1}},"line":42},"3":{"name":"(anonymous_3)","decl":{"start":{"line":47,"column":40},"end":{"line":47,"column":41}},"loc":{"start":{"line":47,"column":53},"end":{"line":49,"column":5}},"line":47},"4":{"name":"updateComment","decl":{"start":{"line":70,"column":15},"end":{"line":70,"column":28}},"loc":{"start":{"line":70,"column":39},"end":{"line":70,"column":41}},"line":70},"5":{"name":"deleteComment","decl":{"start":{"line":79,"column":15},"end":{"line":79,"column":28}},"loc":{"start":{"line":79,"column":39},"end":{"line":79,"column":41}},"line":79}},"branchMap":{},"s":{"0":3,"1":3,"2":1,"3":1,"4":1,"5":1,"6":1,"7":1,"8":0,"9":1,"10":1,"11":1,"12":1,"13":1,"14":1,"15":0,"16":3},"f":{"0":1,"1":1,"2":1,"3":1,"4":0,"5":0},"b":{},"_coverageSchema":"1a1c01bbd47fc00a2c39e90264f33305004495a9","hash":"b6ac843475bc165bc3e8c98acbdf0b384e2626b7"}
,"/Users/juandevelop/Documents/Developer/Prueba_Vecindario/vecipost/src/handlers/errors/dictionary.js": {"path":"/Users/juandevelop/Documents/Developer/Prueba_Vecindario/vecipost/src/handlers/errors/dictionary.js","statementMap":{"0":{"start":{"line":1,"column":17},"end":{"line":6,"column":1}},"1":{"start":{"line":8,"column":0},"end":{"line":10,"column":2}}},"fnMap":{},"branchMap":{},"s":{"0":3,"1":3},"f":{},"b":{},"_coverageSchema":"1a1c01bbd47fc00a2c39e90264f33305004495a9","hash":"34c44abe56970b0f82396d5c79b7737f23c5d1ff"}
,"/Users/juandevelop/Documents/Developer/Prueba_Vecindario/vecipost/src/handlers/errors/errorsMessageBuilder.js": {"path":"/Users/juandevelop/Documents/Developer/Prueba_Vecindario/vecipost/src/handlers/errors/errorsMessageBuilder.js","statementMap":{"0":{"start":{"line":1,"column":23},"end":{"line":1,"column":46}},"1":{"start":{"line":12,"column":17},"end":{"line":12,"column":19}},"2":{"start":{"line":13,"column":2},"end":{"line":23,"column":3}},"3":{"start":{"line":14,"column":15},"end":{"line":22,"column":5}},"4":{"start":{"line":16,"column":23},"end":{"line":16,"column":46}},"5":{"start":{"line":17,"column":19},"end":{"line":17,"column":47}},"6":{"start":{"line":18,"column":24},"end":{"line":18,"column":56}},"7":{"start":{"line":19,"column":20},"end":{"line":19,"column":70}},"8":{"start":{"line":20,"column":8},"end":{"line":20,"column":32}},"9":{"start":{"line":25,"column":2},"end":{"line":25,"column":18}},"10":{"start":{"line":38,"column":2},"end":{"line":45,"column":3}},"11":{"start":{"line":40,"column":6},"end":{"line":40,"column":87}},"12":{"start":{"line":42,"column":6},"end":{"line":42,"column":62}},"13":{"start":{"line":44,"column":6},"end":{"line":44,"column":12}},"14":{"start":{"line":48,"column":0},"end":{"line":50,"column":2}}},"fnMap":{"0":{"name":"generateMessage","decl":{"start":{"line":11,"column":15},"end":{"line":11,"column":30}},"loc":{"start":{"line":11,"column":36},"end":{"line":26,"column":1}},"line":11},"1":{"name":"(anonymous_1)","decl":{"start":{"line":15,"column":21},"end":{"line":15,"column":22}},"loc":{"start":{"line":15,"column":44},"end":{"line":21,"column":7}},"line":15},"2":{"name":"buildMessageByTypeError","decl":{"start":{"line":37,"column":9},"end":{"line":37,"column":32}},"loc":{"start":{"line":37,"column":60},"end":{"line":46,"column":1}},"line":37}},"branchMap":{"0":{"loc":{"start":{"line":13,"column":2},"end":{"line":23,"column":3}},"type":"if","locations":[{"start":{"line":13,"column":2},"end":{"line":23,"column":3}},{"start":{"line":13,"column":2},"end":{"line":23,"column":3}}],"line":13},"1":{"loc":{"start":{"line":38,"column":2},"end":{"line":45,"column":3}},"type":"switch","locations":[{"start":{"line":39,"column":4},"end":{"line":40,"column":87}},{"start":{"line":41,"column":4},"end":{"line":42,"column":62}},{"start":{"line":43,"column":4},"end":{"line":44,"column":12}}],"line":38}},"s":{"0":3,"1":1,"2":1,"3":1,"4":2,"5":2,"6":2,"7":2,"8":2,"9":1,"10":2,"11":1,"12":1,"13":0,"14":3},"f":{"0":1,"1":2,"2":2},"b":{"0":[1,0],"1":[1,1,0]},"_coverageSchema":"1a1c01bbd47fc00a2c39e90264f33305004495a9","hash":"dd1b0213167bc5e54545dcef2c3c9790f3583f81"}
,"/Users/juandevelop/Documents/Developer/Prueba_Vecindario/vecipost/src/handlers/posts/postsHandlers.js": {"path":"/Users/juandevelop/Documents/Developer/Prueba_Vecindario/vecipost/src/handlers/posts/postsHandlers.js","statementMap":{"0":{"start":{"line":1,"column":47},"end":{"line":1,"column":93}},"1":{"start":{"line":12,"column":2},"end":{"line":28,"column":3}},"2":{"start":{"line":13,"column":16},"end":{"line":13,"column":26}},"3":{"start":{"line":14,"column":19},"end":{"line":14,"column":21}},"4":{"start":{"line":15,"column":4},"end":{"line":17,"column":6}},"5":{"start":{"line":16,"column":6},"end":{"line":16,"column":86}},"6":{"start":{"line":19,"column":4},"end":{"line":19,"column":23}},"7":{"start":{"line":21,"column":4},"end":{"line":27,"column":6}},"8":{"start":{"line":39,"column":2},"end":{"line":56,"column":3}},"9":{"start":{"line":40,"column":16},"end":{"line":40,"column":24}},"10":{"start":{"line":41,"column":19},"end":{"line":41,"column":21}},"11":{"start":{"line":43,"column":4},"end":{"line":45,"column":6}},"12":{"start":{"line":44,"column":6},"end":{"line":44,"column":68}},"13":{"start":{"line":47,"column":4},"end":{"line":47,"column":23}},"14":{"start":{"line":49,"column":4},"end":{"line":55,"column":6}},"15":{"start":{"line":77,"column":0},"end":{"line":82,"column":2}}},"fnMap":{"0":{"name":"getPosts","decl":{"start":{"line":11,"column":15},"end":{"line":11,"column":23}},"loc":{"start":{"line":11,"column":34},"end":{"line":29,"column":1}},"line":11},"1":{"name":"(anonymous_1)","decl":{"start":{"line":15,"column":41},"end":{"line":15,"column":42}},"loc":{"start":{"line":15,"column":54},"end":{"line":17,"column":5}},"line":15},"2":{"name":"createPost","decl":{"start":{"line":38,"column":15},"end":{"line":38,"column":25}},"loc":{"start":{"line":38,"column":36},"end":{"line":57,"column":1}},"line":38},"3":{"name":"(anonymous_3)","decl":{"start":{"line":43,"column":37},"end":{"line":43,"column":38}},"loc":{"start":{"line":43,"column":50},"end":{"line":45,"column":5}},"line":43},"4":{"name":"updatePost","decl":{"start":{"line":66,"column":15},"end":{"line":66,"column":25}},"loc":{"start":{"line":66,"column":36},"end":{"line":66,"column":38}},"line":66},"5":{"name":"deletePost","decl":{"start":{"line":75,"column":15},"end":{"line":75,"column":25}},"loc":{"start":{"line":75,"column":36},"end":{"line":75,"column":38}},"line":75}},"branchMap":{},"s":{"0":3,"1":1,"2":1,"3":1,"4":1,"5":1,"6":1,"7":0,"8":1,"9":1,"10":1,"11":1,"12":1,"13":1,"14":0,"15":3},"f":{"0":1,"1":1,"2":1,"3":1,"4":0,"5":0},"b":{},"_coverageSchema":"1a1c01bbd47fc00a2c39e90264f33305004495a9","hash":"8c790a96efd44671a493dbd77768993ae0d10e11"}
,"/Users/juandevelop/Documents/Developer/Prueba_Vecindario/vecipost/src/handlers/postsevents/index.js": {"path":"/Users/juandevelop/Documents/Developer/Prueba_Vecindario/vecipost/src/handlers/postsevents/index.js","statementMap":{"0":{"start":{"line":1,"column":28},"end":{"line":1,"column":81}},"1":{"start":{"line":11,"column":2},"end":{"line":41,"column":3}},"2":{"start":{"line":12,"column":16},"end":{"line":12,"column":24}},"3":{"start":{"line":13,"column":19},"end":{"line":13,"column":21}},"4":{"start":{"line":14,"column":21},"end":{"line":14,"column":24}},"5":{"start":{"line":16,"column":4},"end":{"line":20,"column":5}},"6":{"start":{"line":17,"column":6},"end":{"line":17,"column":23}},"7":{"start":{"line":18,"column":6},"end":{"line":18,"column":86}},"8":{"start":{"line":19,"column":6},"end":{"line":19,"column":13}},"9":{"start":{"line":22,"column":4},"end":{"line":29,"column":9}},"10":{"start":{"line":24,"column":8},"end":{"line":24,"column":89}},"11":{"start":{"line":27,"column":8},"end":{"line":27,"column":25}},"12":{"start":{"line":28,"column":8},"end":{"line":28,"column":62}},"13":{"start":{"line":31,"column":4},"end":{"line":31,"column":42}},"14":{"start":{"line":33,"column":4},"end":{"line":33,"column":19}},"15":{"start":{"line":34,"column":4},"end":{"line":40,"column":6}},"16":{"start":{"line":44,"column":0},"end":{"line":46,"column":2}}},"fnMap":{"0":{"name":"setPostLike","decl":{"start":{"line":10,"column":15},"end":{"line":10,"column":26}},"loc":{"start":{"line":10,"column":37},"end":{"line":42,"column":1}},"line":10},"1":{"name":"(anonymous_1)","decl":{"start":{"line":23,"column":12},"end":{"line":23,"column":13}},"loc":{"start":{"line":23,"column":25},"end":{"line":25,"column":7}},"line":23},"2":{"name":"(anonymous_2)","decl":{"start":{"line":26,"column":13},"end":{"line":26,"column":14}},"loc":{"start":{"line":26,"column":20},"end":{"line":29,"column":7}},"line":26}},"branchMap":{"0":{"loc":{"start":{"line":16,"column":4},"end":{"line":20,"column":5}},"type":"if","locations":[{"start":{"line":16,"column":4},"end":{"line":20,"column":5}},{"start":{"line":16,"column":4},"end":{"line":20,"column":5}}],"line":16}},"s":{"0":3,"1":4,"2":4,"3":4,"4":4,"5":4,"6":1,"7":1,"8":1,"9":3,"10":3,"11":0,"12":0,"13":3,"14":0,"15":0,"16":3},"f":{"0":4,"1":3,"2":0},"b":{"0":[1,3]},"_coverageSchema":"1a1c01bbd47fc00a2c39e90264f33305004495a9","hash":"b39253eafcdceaa21839b8a58bca07484af0fe7b"}
,"/Users/juandevelop/Documents/Developer/Prueba_Vecindario/vecipost/src/middleware/authorization.js": {"path":"/Users/juandevelop/Documents/Developer/Prueba_Vecindario/vecipost/src/middleware/authorization.js","statementMap":{"0":{"start":{"line":1,"column":18},"end":{"line":10,"column":1}},"1":{"start":{"line":2,"column":21},"end":{"line":2,"column":45}},"2":{"start":{"line":4,"column":2},"end":{"line":8,"column":3}},"3":{"start":{"line":5,"column":4},"end":{"line":5,"column":47}},"4":{"start":{"line":6,"column":9},"end":{"line":8,"column":3}},"5":{"start":{"line":7,"column":4},"end":{"line":7,"column":49}},"6":{"start":{"line":9,"column":2},"end":{"line":9,"column":9}},"7":{"start":{"line":12,"column":0},"end":{"line":14,"column":2}}},"fnMap":{"0":{"name":"(anonymous_0)","decl":{"start":{"line":1,"column":18},"end":{"line":1,"column":19}},"loc":{"start":{"line":1,"column":44},"end":{"line":10,"column":1}},"line":1}},"branchMap":{"0":{"loc":{"start":{"line":4,"column":2},"end":{"line":8,"column":3}},"type":"if","locations":[{"start":{"line":4,"column":2},"end":{"line":8,"column":3}},{"start":{"line":4,"column":2},"end":{"line":8,"column":3}}],"line":4},"1":{"loc":{"start":{"line":6,"column":9},"end":{"line":8,"column":3}},"type":"if","locations":[{"start":{"line":6,"column":9},"end":{"line":8,"column":3}},{"start":{"line":6,"column":9},"end":{"line":8,"column":3}}],"line":6}},"s":{"0":3,"1":7,"2":7,"3":5,"4":2,"5":2,"6":7,"7":3},"f":{"0":7},"b":{"0":[5,2],"1":[2,0]},"_coverageSchema":"1a1c01bbd47fc00a2c39e90264f33305004495a9","hash":"4450ac1339b09782e4c6d72a4d8a3d02c3bddf63"}
,"/Users/juandevelop/Documents/Developer/Prueba_Vecindario/vecipost/src/models/posts.js": {"path":"/Users/juandevelop/Documents/Developer/Prueba_Vecindario/vecipost/src/models/posts.js","statementMap":{"0":{"start":{"line":4,"column":4},"end":{"line":4,"column":24}},"1":{"start":{"line":5,"column":0},"end":{"line":28,"column":2}},"2":{"start":{"line":14,"column":6},"end":{"line":14,"column":43}},"3":{"start":{"line":15,"column":6},"end":{"line":15,"column":41}},"4":{"start":{"line":18,"column":2},"end":{"line":26,"column":5}},"5":{"start":{"line":27,"column":2},"end":{"line":27,"column":15}}},"fnMap":{"0":{"name":"(anonymous_0)","decl":{"start":{"line":5,"column":17},"end":{"line":5,"column":18}},"loc":{"start":{"line":5,"column":43},"end":{"line":28,"column":1}},"line":5},"1":{"name":"(anonymous_1)","decl":{"start":{"line":12,"column":4},"end":{"line":12,"column":5}},"loc":{"start":{"line":12,"column":29},"end":{"line":16,"column":5}},"line":12}},"branchMap":{},"s":{"0":3,"1":3,"2":3,"3":3,"4":3,"5":3},"f":{"0":3,"1":3},"b":{},"_coverageSchema":"1a1c01bbd47fc00a2c39e90264f33305004495a9","hash":"bad054f6d793294b0e6809561f630bb495a46949"}
,"/Users/juandevelop/Documents/Developer/Prueba_Vecindario/vecipost/src/models/posts_comments.js": {"path":"/Users/juandevelop/Documents/Developer/Prueba_Vecindario/vecipost/src/models/posts_comments.js","statementMap":{"0":{"start":{"line":4,"column":4},"end":{"line":4,"column":24}},"1":{"start":{"line":5,"column":0},"end":{"line":28,"column":2}},"2":{"start":{"line":14,"column":6},"end":{"line":14,"column":72}},"3":{"start":{"line":17,"column":2},"end":{"line":26,"column":5}},"4":{"start":{"line":27,"column":2},"end":{"line":27,"column":24}}},"fnMap":{"0":{"name":"(anonymous_0)","decl":{"start":{"line":5,"column":17},"end":{"line":5,"column":18}},"loc":{"start":{"line":5,"column":43},"end":{"line":28,"column":1}},"line":5},"1":{"name":"(anonymous_1)","decl":{"start":{"line":12,"column":4},"end":{"line":12,"column":5}},"loc":{"start":{"line":12,"column":29},"end":{"line":15,"column":5}},"line":12}},"branchMap":{},"s":{"0":3,"1":3,"2":3,"3":3,"4":3},"f":{"0":3,"1":3},"b":{},"_coverageSchema":"1a1c01bbd47fc00a2c39e90264f33305004495a9","hash":"5b8d497e8ab9235e339072724d996f06deb0c8af"}
,"/Users/juandevelop/Documents/Developer/Prueba_Vecindario/vecipost/src/models/posts_events.js": {"path":"/Users/juandevelop/Documents/Developer/Prueba_Vecindario/vecipost/src/models/posts_events.js","statementMap":{"0":{"start":{"line":4,"column":4},"end":{"line":4,"column":24}},"1":{"start":{"line":5,"column":0},"end":{"line":28,"column":2}},"2":{"start":{"line":14,"column":6},"end":{"line":14,"column":70}},"3":{"start":{"line":17,"column":2},"end":{"line":26,"column":5}},"4":{"start":{"line":27,"column":2},"end":{"line":27,"column":22}}},"fnMap":{"0":{"name":"(anonymous_0)","decl":{"start":{"line":5,"column":17},"end":{"line":5,"column":18}},"loc":{"start":{"line":5,"column":43},"end":{"line":28,"column":1}},"line":5},"1":{"name":"(anonymous_1)","decl":{"start":{"line":12,"column":4},"end":{"line":12,"column":5}},"loc":{"start":{"line":12,"column":29},"end":{"line":15,"column":5}},"line":12}},"branchMap":{},"s":{"0":3,"1":3,"2":3,"3":3,"4":3},"f":{"0":3,"1":3},"b":{},"_coverageSchema":"1a1c01bbd47fc00a2c39e90264f33305004495a9","hash":"1c7e57b77fd448726a74191a27828162b31f6612"}
,"/Users/juandevelop/Documents/Developer/Prueba_Vecindario/vecipost/src/routes/comments/index.js": {"path":"/Users/juandevelop/Documents/Developer/Prueba_Vecindario/vecipost/src/routes/comments/index.js","statementMap":{"0":{"start":{"line":1,"column":24},"end":{"line":1,"column":65}},"1":{"start":{"line":3,"column":50},"end":{"line":3,"column":101}},"2":{"start":{"line":4,"column":28},"end":{"line":4,"column":81}},"3":{"start":{"line":7,"column":13},"end":{"line":28,"column":3}},"4":{"start":{"line":8,"column":19},"end":{"line":15,"column":5}},"5":{"start":{"line":9,"column":6},"end":{"line":12,"column":9}},"6":{"start":{"line":10,"column":25},"end":{"line":10,"column":105}},"7":{"start":{"line":11,"column":8},"end":{"line":11,"column":27}},"8":{"start":{"line":14,"column":6},"end":{"line":14,"column":13}},"9":{"start":{"line":17,"column":4},"end":{"line":17,"column":98}},"10":{"start":{"line":18,"column":4},"end":{"line":18,"column":74}},"11":{"start":{"line":20,"column":4},"end":{"line":27,"column":7}},"12":{"start":{"line":21,"column":20},"end":{"line":21,"column":46}},"13":{"start":{"line":22,"column":6},"end":{"line":26,"column":9}},"14":{"start":{"line":30,"column":2},"end":{"line":30,"column":29}}},"fnMap":{"0":{"name":"(anonymous_0)","decl":{"start":{"line":7,"column":13},"end":{"line":7,"column":14}},"loc":{"start":{"line":7,"column":22},"end":{"line":28,"column":3}},"line":7},"1":{"name":"(anonymous_1)","decl":{"start":{"line":8,"column":19},"end":{"line":8,"column":20}},"loc":{"start":{"line":8,"column":51},"end":{"line":15,"column":5}},"line":8},"2":{"name":"(anonymous_2)","decl":{"start":{"line":9,"column":28},"end":{"line":9,"column":29}},"loc":{"start":{"line":9,"column":40},"end":{"line":12,"column":7}},"line":9},"3":{"name":"(anonymous_3)","decl":{"start":{"line":20,"column":12},"end":{"line":20,"column":13}},"loc":{"start":{"line":20,"column":42},"end":{"line":27,"column":5}},"line":20}},"branchMap":{"0":{"loc":{"start":{"line":22,"column":17},"end":{"line":22,"column":34}},"type":"binary-expr","locations":[{"start":{"line":22,"column":17},"end":{"line":22,"column":27}},{"start":{"line":22,"column":31},"end":{"line":22,"column":34}}],"line":22}},"s":{"0":3,"1":3,"2":3,"3":3,"4":3,"5":2,"6":0,"7":0,"8":2,"9":3,"10":3,"11":3,"12":0,"13":0,"14":3},"f":{"0":3,"1":2,"2":0,"3":0},"b":{"0":[0,0]},"_coverageSchema":"1a1c01bbd47fc00a2c39e90264f33305004495a9","hash":"c340b737e2688c0ee65ab0fa7c9714258f418a94"}
,"/Users/juandevelop/Documents/Developer/Prueba_Vecindario/vecipost/src/routes/posts/index.js": {"path":"/Users/juandevelop/Documents/Developer/Prueba_Vecindario/vecipost/src/routes/posts/index.js","statementMap":{"0":{"start":{"line":1,"column":24},"end":{"line":1,"column":65}},"1":{"start":{"line":3,"column":57},"end":{"line":3,"column":102}},"2":{"start":{"line":4,"column":28},"end":{"line":4,"column":81}},"3":{"start":{"line":7,"column":13},"end":{"line":31,"column":3}},"4":{"start":{"line":8,"column":19},"end":{"line":15,"column":5}},"5":{"start":{"line":9,"column":6},"end":{"line":12,"column":9}},"6":{"start":{"line":10,"column":25},"end":{"line":10,"column":92}},"7":{"start":{"line":11,"column":8},"end":{"line":11,"column":27}},"8":{"start":{"line":14,"column":6},"end":{"line":14,"column":13}},"9":{"start":{"line":17,"column":4},"end":{"line":17,"column":82}},"10":{"start":{"line":18,"column":4},"end":{"line":18,"column":74}},"11":{"start":{"line":19,"column":4},"end":{"line":19,"column":75}},"12":{"start":{"line":20,"column":4},"end":{"line":20,"column":76}},"13":{"start":{"line":22,"column":4},"end":{"line":30,"column":7}},"14":{"start":{"line":24,"column":20},"end":{"line":24,"column":46}},"15":{"start":{"line":25,"column":6},"end":{"line":29,"column":9}},"16":{"start":{"line":33,"column":2},"end":{"line":33,"column":29}}},"fnMap":{"0":{"name":"(anonymous_0)","decl":{"start":{"line":7,"column":13},"end":{"line":7,"column":14}},"loc":{"start":{"line":7,"column":22},"end":{"line":31,"column":3}},"line":7},"1":{"name":"(anonymous_1)","decl":{"start":{"line":8,"column":19},"end":{"line":8,"column":20}},"loc":{"start":{"line":8,"column":51},"end":{"line":15,"column":5}},"line":8},"2":{"name":"(anonymous_2)","decl":{"start":{"line":9,"column":28},"end":{"line":9,"column":29}},"loc":{"start":{"line":9,"column":40},"end":{"line":12,"column":7}},"line":9},"3":{"name":"(anonymous_3)","decl":{"start":{"line":22,"column":12},"end":{"line":22,"column":13}},"loc":{"start":{"line":22,"column":43},"end":{"line":30,"column":5}},"line":22}},"branchMap":{"0":{"loc":{"start":{"line":25,"column":17},"end":{"line":25,"column":34}},"type":"binary-expr","locations":[{"start":{"line":25,"column":17},"end":{"line":25,"column":27}},{"start":{"line":25,"column":31},"end":{"line":25,"column":34}}],"line":25}},"s":{"0":3,"1":3,"2":3,"3":3,"4":3,"5":2,"6":0,"7":0,"8":2,"9":3,"10":3,"11":3,"12":3,"13":3,"14":1,"15":1,"16":3},"f":{"0":3,"1":2,"2":0,"3":1},"b":{"0":[1,0]},"_coverageSchema":"1a1c01bbd47fc00a2c39e90264f33305004495a9","hash":"2b04817836d7404807fa882d6ef98a9ec5f410d4"}
,"/Users/juandevelop/Documents/Developer/Prueba_Vecindario/vecipost/src/routes/postsevents/index.js": {"path":"/Users/juandevelop/Documents/Developer/Prueba_Vecindario/vecipost/src/routes/postsevents/index.js","statementMap":{"0":{"start":{"line":1,"column":24},"end":{"line":1,"column":65}},"1":{"start":{"line":2,"column":24},"end":{"line":2,"column":61}},"2":{"start":{"line":4,"column":13},"end":{"line":24,"column":1}},"3":{"start":{"line":5,"column":17},"end":{"line":12,"column":3}},"4":{"start":{"line":6,"column":4},"end":{"line":9,"column":7}},"5":{"start":{"line":7,"column":23},"end":{"line":7,"column":103}},"6":{"start":{"line":8,"column":6},"end":{"line":8,"column":25}},"7":{"start":{"line":11,"column":4},"end":{"line":11,"column":11}},"8":{"start":{"line":14,"column":2},"end":{"line":14,"column":77}},"9":{"start":{"line":16,"column":2},"end":{"line":23,"column":5}},"10":{"start":{"line":18,"column":4},"end":{"line":22,"column":7}},"11":{"start":{"line":26,"column":0},"end":{"line":26,"column":27}}},"fnMap":{"0":{"name":"(anonymous_0)","decl":{"start":{"line":4,"column":13},"end":{"line":4,"column":14}},"loc":{"start":{"line":4,"column":22},"end":{"line":24,"column":1}},"line":4},"1":{"name":"(anonymous_1)","decl":{"start":{"line":5,"column":17},"end":{"line":5,"column":18}},"loc":{"start":{"line":5,"column":49},"end":{"line":12,"column":3}},"line":5},"2":{"name":"(anonymous_2)","decl":{"start":{"line":6,"column":26},"end":{"line":6,"column":27}},"loc":{"start":{"line":6,"column":38},"end":{"line":9,"column":5}},"line":6},"3":{"name":"(anonymous_3)","decl":{"start":{"line":16,"column":10},"end":{"line":16,"column":11}},"loc":{"start":{"line":16,"column":35},"end":{"line":23,"column":3}},"line":16}},"branchMap":{"0":{"loc":{"start":{"line":18,"column":15},"end":{"line":18,"column":32}},"type":"binary-expr","locations":[{"start":{"line":18,"column":15},"end":{"line":18,"column":25}},{"start":{"line":18,"column":29},"end":{"line":18,"column":32}}],"line":18}},"s":{"0":3,"1":3,"2":3,"3":3,"4":4,"5":0,"6":0,"7":4,"8":3,"9":3,"10":0,"11":3},"f":{"0":3,"1":4,"2":0,"3":0},"b":{"0":[0,0]},"_coverageSchema":"1a1c01bbd47fc00a2c39e90264f33305004495a9","hash":"0d37e4403159d6fece70dc04107d956049ceddd8"}
}
