{"/Users/juandevelop/Documents/Developer/Prueba_Vecindario/vecipost/src/app.js": {"path":"/Users/juandevelop/Documents/Developer/Prueba_Vecindario/vecipost/src/app.js","statementMap":{"0":{"start":{"line":1,"column":0},"end":{"line":1,"column":27}},"1":{"start":{"line":3,"column":14},"end":{"line":3,"column":32}},"2":{"start":{"line":4,"column":18},"end":{"line":4,"column":40}},"3":{"start":{"line":5,"column":11},"end":{"line":5,"column":26}},"4":{"start":{"line":6,"column":15},"end":{"line":6,"column":34}},"5":{"start":{"line":7,"column":9},"end":{"line":7,"column":22}},"6":{"start":{"line":8,"column":11},"end":{"line":8,"column":26}},"7":{"start":{"line":11,"column":25},"end":{"line":11,"column":61}},"8":{"start":{"line":13,"column":19},"end":{"line":13,"column":28}},"9":{"start":{"line":16,"column":2},"end":{"line":16,"column":18}},"10":{"start":{"line":18,"column":2},"end":{"line":18,"column":25}},"11":{"start":{"line":20,"column":2},"end":{"line":20,"column":26}},"12":{"start":{"line":21,"column":2},"end":{"line":21,"column":26}},"13":{"start":{"line":23,"column":2},"end":{"line":23,"column":18}},"14":{"start":{"line":24,"column":2},"end":{"line":24,"column":51}},"15":{"start":{"line":26,"column":22},"end":{"line":26,"column":92}},"16":{"start":{"line":28,"column":2},"end":{"line":42,"column":3}},"17":{"start":{"line":29,"column":4},"end":{"line":41,"column":5}},"18":{"start":{"line":30,"column":22},"end":{"line":30,"column":70}},"19":{"start":{"line":31,"column":6},"end":{"line":31,"column":53}},"20":{"start":{"line":32,"column":6},"end":{"line":37,"column":8}},"21":{"start":{"line":38,"column":6},"end":{"line":38,"column":61}},"22":{"start":{"line":40,"column":6},"end":{"line":40,"column":27}},"23":{"start":{"line":45,"column":0},"end":{"line":45,"column":7}},"24":{"start":{"line":46,"column":0},"end":{"line":46,"column":21}}},"fnMap":{"0":{"name":"main","decl":{"start":{"line":15,"column":15},"end":{"line":15,"column":19}},"loc":{"start":{"line":15,"column":22},"end":{"line":43,"column":1}},"line":15}},"branchMap":{},"s":{"0":2,"1":2,"2":2,"3":2,"4":2,"5":2,"6":2,"7":2,"8":2,"9":2,"10":2,"11":2,"12":2,"13":2,"14":2,"15":2,"16":2,"17":6,"18":6,"19":6,"20":6,"21":6,"22":0,"23":2,"24":2},"f":{"0":2},"b":{},"_coverageSchema":"1a1c01bbd47fc00a2c39e90264f33305004495a9","hash":"00876d326122325cf11e551739060c0cf0747e8d"}
,"/Users/juandevelop/Documents/Developer/Prueba_Vecindario/vecipost/src/db/postgresDB.js": {"path":"/Users/juandevelop/Documents/Developer/Prueba_Vecindario/vecipost/src/db/postgresDB.js","statementMap":{"0":{"start":{"line":3,"column":0},"end":{"line":3,"column":62}},"1":{"start":{"line":5,"column":18},"end":{"line":5,"column":38}},"2":{"start":{"line":6,"column":11},"end":{"line":6,"column":24}},"3":{"start":{"line":7,"column":13},"end":{"line":7,"column":28}},"4":{"start":{"line":8,"column":17},"end":{"line":8,"column":42}},"5":{"start":{"line":17,"column":4},"end":{"line":17,"column":29}},"6":{"start":{"line":18,"column":4},"end":{"line":18,"column":45}},"7":{"start":{"line":19,"column":4},"end":{"line":19,"column":53}},"8":{"start":{"line":20,"column":4},"end":{"line":20,"column":55}},"9":{"start":{"line":21,"column":4},"end":{"line":21,"column":51}},"10":{"start":{"line":22,"column":4},"end":{"line":22,"column":49}},"11":{"start":{"line":23,"column":4},"end":{"line":23,"column":17}},"12":{"start":{"line":24,"column":4},"end":{"line":24,"column":59}},"13":{"start":{"line":26,"column":4},"end":{"line":64,"column":7}},"14":{"start":{"line":65,"column":4},"end":{"line":65,"column":24}},"15":{"start":{"line":71,"column":4},"end":{"line":71,"column":59}},"16":{"start":{"line":75,"column":4},"end":{"line":82,"column":9}},"17":{"start":{"line":77,"column":8},"end":{"line":77,"column":88}},"18":{"start":{"line":80,"column":22},"end":{"line":80,"column":102}},"19":{"start":{"line":81,"column":8},"end":{"line":81,"column":36}},"20":{"start":{"line":84,"column":4},"end":{"line":88,"column":7}},"21":{"start":{"line":85,"column":6},"end":{"line":87,"column":7}},"22":{"start":{"line":86,"column":8},"end":{"line":86,"column":46}},"23":{"start":{"line":90,"column":4},"end":{"line":90,"column":39}},"24":{"start":{"line":91,"column":4},"end":{"line":91,"column":44}},"25":{"start":{"line":92,"column":4},"end":{"line":92,"column":56}},"26":{"start":{"line":93,"column":4},"end":{"line":93,"column":28}},"27":{"start":{"line":97,"column":4},"end":{"line":107,"column":7}},"28":{"start":{"line":98,"column":22},"end":{"line":98,"column":108}},"29":{"start":{"line":99,"column":6},"end":{"line":106,"column":11}},"30":{"start":{"line":102,"column":10},"end":{"line":102,"column":28}},"31":{"start":{"line":105,"column":10},"end":{"line":105,"column":22}},"32":{"start":{"line":110,"column":0},"end":{"line":110,"column":27}}},"fnMap":{"0":{"name":"(anonymous_0)","decl":{"start":{"line":16,"column":2},"end":{"line":16,"column":3}},"loc":{"start":{"line":16,"column":16},"end":{"line":66,"column":3}},"line":16},"1":{"name":"(anonymous_1)","decl":{"start":{"line":68,"column":2},"end":{"line":68,"column":3}},"loc":{"start":{"line":68,"column":24},"end":{"line":72,"column":3}},"line":68},"2":{"name":"(anonymous_2)","decl":{"start":{"line":74,"column":2},"end":{"line":74,"column":3}},"loc":{"start":{"line":74,"column":17},"end":{"line":94,"column":3}},"line":74},"3":{"name":"(anonymous_3)","decl":{"start":{"line":76,"column":14},"end":{"line":76,"column":15}},"loc":{"start":{"line":76,"column":24},"end":{"line":78,"column":7}},"line":76},"4":{"name":"(anonymous_4)","decl":{"start":{"line":79,"column":15},"end":{"line":79,"column":16}},"loc":{"start":{"line":79,"column":25},"end":{"line":82,"column":7}},"line":79},"5":{"name":"(anonymous_5)","decl":{"start":{"line":84,"column":33},"end":{"line":84,"column":34}},"loc":{"start":{"line":84,"column":48},"end":{"line":88,"column":5}},"line":84},"6":{"name":"(anonymous_6)","decl":{"start":{"line":96,"column":2},"end":{"line":96,"column":3}},"loc":{"start":{"line":96,"column":45},"end":{"line":108,"column":3}},"line":96},"7":{"name":"(anonymous_7)","decl":{"start":{"line":97,"column":23},"end":{"line":97,"column":24}},"loc":{"start":{"line":97,"column":50},"end":{"line":107,"column":5}},"line":97},"8":{"name":"(anonymous_8)","decl":{"start":{"line":101,"column":14},"end":{"line":101,"column":15}},"loc":{"start":{"line":101,"column":25},"end":{"line":103,"column":9}},"line":101},"9":{"name":"(anonymous_9)","decl":{"start":{"line":104,"column":15},"end":{"line":104,"column":16}},"loc":{"start":{"line":104,"column":24},"end":{"line":106,"column":9}},"line":104}},"branchMap":{"0":{"loc":{"start":{"line":18,"column":16},"end":{"line":18,"column":44}},"type":"binary-expr","locations":[{"start":{"line":18,"column":16},"end":{"line":18,"column":38}},{"start":{"line":18,"column":42},"end":{"line":18,"column":44}}],"line":18},"1":{"loc":{"start":{"line":19,"column":20},"end":{"line":19,"column":52}},"type":"binary-expr","locations":[{"start":{"line":19,"column":20},"end":{"line":19,"column":46}},{"start":{"line":19,"column":50},"end":{"line":19,"column":52}}],"line":19},"2":{"loc":{"start":{"line":20,"column":20},"end":{"line":20,"column":54}},"type":"binary-expr","locations":[{"start":{"line":20,"column":20},"end":{"line":20,"column":40}},{"start":{"line":20,"column":44},"end":{"line":20,"column":54}}],"line":20},"3":{"loc":{"start":{"line":21,"column":16},"end":{"line":21,"column":50}},"type":"binary-expr","locations":[{"start":{"line":21,"column":16},"end":{"line":21,"column":35}},{"start":{"line":21,"column":39},"end":{"line":21,"column":50}}],"line":21},"4":{"loc":{"start":{"line":22,"column":16},"end":{"line":22,"column":48}},"type":"binary-expr","locations":[{"start":{"line":22,"column":16},"end":{"line":22,"column":43}},{"start":{"line":22,"column":47},"end":{"line":22,"column":48}}],"line":22},"5":{"loc":{"start":{"line":71,"column":11},"end":{"line":71,"column":58}},"type":"binary-expr","locations":[{"start":{"line":71,"column":11},"end":{"line":71,"column":25}},{"start":{"line":71,"column":30},"end":{"line":71,"column":57}}],"line":71},"6":{"loc":{"start":{"line":77,"column":15},"end":{"line":77,"column":87}},"type":"binary-expr","locations":[{"start":{"line":77,"column":15},"end":{"line":77,"column":38}},{"start":{"line":77,"column":42},"end":{"line":77,"column":59}},{"start":{"line":77,"column":63},"end":{"line":77,"column":87}}],"line":77},"7":{"loc":{"start":{"line":85,"column":6},"end":{"line":87,"column":7}},"type":"if","locations":[{"start":{"line":85,"column":6},"end":{"line":87,"column":7}},{"start":{"line":85,"column":6},"end":{"line":87,"column":7}}],"line":85},"8":{"loc":{"start":{"line":96,"column":28},"end":{"line":96,"column":43}},"type":"default-arg","locations":[{"start":{"line":96,"column":35},"end":{"line":96,"column":43}}],"line":96},"9":{"loc":{"start":{"line":98,"column":22},"end":{"line":98,"column":108}},"type":"cond-expr","locations":[{"start":{"line":98,"column":38},"end":{"line":98,"column":70}},{"start":{"line":98,"column":73},"end":{"line":98,"column":108}}],"line":98}},"s":{"0":2,"1":2,"2":2,"3":2,"4":2,"5":2,"6":2,"7":2,"8":2,"9":2,"10":2,"11":2,"12":2,"13":2,"14":2,"15":5,"16":2,"17":6,"18":6,"19":6,"20":2,"21":6,"22":6,"23":2,"24":2,"25":2,"26":2,"27":0,"28":0,"29":0,"30":0,"31":0,"32":2},"f":{"0":2,"1":5,"2":2,"3":6,"4":6,"5":6,"6":0,"7":0,"8":0,"9":0},"b":{"0":[2,0],"1":[2,0],"2":[2,0],"3":[2,0],"4":[2,0],"5":[5,2],"6":[6,6,6],"7":[6,0],"8":[0],"9":[0,0]},"_coverageSchema":"1a1c01bbd47fc00a2c39e90264f33305004495a9","hash":"bdb85aa30899b285b5834905f723f10db976dc68"}
,"/Users/juandevelop/Documents/Developer/Prueba_Vecindario/vecipost/src/functions/comments/commentsFunctions.js": {"path":"/Users/juandevelop/Documents/Developer/Prueba_Vecindario/vecipost/src/functions/comments/commentsFunctions.js","statementMap":{"0":{"start":{"line":2,"column":19},"end":{"line":2,"column":49}},"1":{"start":{"line":12,"column":2},"end":{"line":26,"column":5}},"2":{"start":{"line":13,"column":25},"end":{"line":13,"column":70}},"3":{"start":{"line":14,"column":4},"end":{"line":25,"column":9}},"4":{"start":{"line":20,"column":8},"end":{"line":20,"column":26}},"5":{"start":{"line":23,"column":8},"end":{"line":23,"column":23}},"6":{"start":{"line":24,"column":8},"end":{"line":24,"column":18}},"7":{"start":{"line":37,"column":2},"end":{"line":54,"column":5}},"8":{"start":{"line":38,"column":19},"end":{"line":38,"column":64}},"9":{"start":{"line":40,"column":4},"end":{"line":53,"column":9}},"10":{"start":{"line":49,"column":8},"end":{"line":49,"column":25}},"11":{"start":{"line":52,"column":8},"end":{"line":52,"column":18}},"12":{"start":{"line":57,"column":0},"end":{"line":60,"column":2}}},"fnMap":{"0":{"name":"getPostComments","decl":{"start":{"line":11,"column":9},"end":{"line":11,"column":24}},"loc":{"start":{"line":11,"column":38},"end":{"line":27,"column":1}},"line":11},"1":{"name":"(anonymous_1)","decl":{"start":{"line":12,"column":21},"end":{"line":12,"column":22}},"loc":{"start":{"line":12,"column":42},"end":{"line":26,"column":3}},"line":12},"2":{"name":"(anonymous_2)","decl":{"start":{"line":19,"column":12},"end":{"line":19,"column":13}},"loc":{"start":{"line":19,"column":26},"end":{"line":21,"column":7}},"line":19},"3":{"name":"(anonymous_3)","decl":{"start":{"line":22,"column":13},"end":{"line":22,"column":14}},"loc":{"start":{"line":22,"column":20},"end":{"line":25,"column":7}},"line":22},"4":{"name":"createNewComments","decl":{"start":{"line":36,"column":9},"end":{"line":36,"column":26}},"loc":{"start":{"line":36,"column":67},"end":{"line":55,"column":1}},"line":36},"5":{"name":"(anonymous_5)","decl":{"start":{"line":37,"column":21},"end":{"line":37,"column":22}},"loc":{"start":{"line":37,"column":42},"end":{"line":54,"column":3}},"line":37},"6":{"name":"(anonymous_6)","decl":{"start":{"line":48,"column":12},"end":{"line":48,"column":13}},"loc":{"start":{"line":48,"column":31},"end":{"line":50,"column":7}},"line":48},"7":{"name":"(anonymous_7)","decl":{"start":{"line":51,"column":13},"end":{"line":51,"column":14}},"loc":{"start":{"line":51,"column":20},"end":{"line":53,"column":7}},"line":51}},"branchMap":{},"s":{"0":2,"1":1,"2":1,"3":1,"4":1,"5":0,"6":0,"7":1,"8":1,"9":1,"10":1,"11":0,"12":2},"f":{"0":1,"1":1,"2":1,"3":0,"4":1,"5":1,"6":1,"7":0},"b":{},"_coverageSchema":"1a1c01bbd47fc00a2c39e90264f33305004495a9","hash":"add625c4e0a40392851c8792a7bd2f435bf740f5"}
,"/Users/juandevelop/Documents/Developer/Prueba_Vecindario/vecipost/src/functions/posts/postFunctions.js": {"path":"/Users/juandevelop/Documents/Developer/Prueba_Vecindario/vecipost/src/functions/posts/postFunctions.js","statementMap":{"0":{"start":{"line":2,"column":19},"end":{"line":2,"column":49}},"1":{"start":{"line":11,"column":2},"end":{"line":34,"column":5}},"2":{"start":{"line":12,"column":16},"end":{"line":12,"column":52}},"3":{"start":{"line":13,"column":25},"end":{"line":13,"column":70}},"4":{"start":{"line":14,"column":4},"end":{"line":33,"column":9}},"5":{"start":{"line":28,"column":8},"end":{"line":28,"column":23}},"6":{"start":{"line":31,"column":8},"end":{"line":31,"column":22}},"7":{"start":{"line":32,"column":8},"end":{"line":32,"column":18}},"8":{"start":{"line":45,"column":2},"end":{"line":63,"column":5}},"9":{"start":{"line":46,"column":16},"end":{"line":46,"column":52}},"10":{"start":{"line":48,"column":4},"end":{"line":62,"column":9}},"11":{"start":{"line":58,"column":8},"end":{"line":58,"column":25}},"12":{"start":{"line":61,"column":8},"end":{"line":61,"column":18}},"13":{"start":{"line":66,"column":0},"end":{"line":69,"column":2}}},"fnMap":{"0":{"name":"getPostsPagination","decl":{"start":{"line":10,"column":9},"end":{"line":10,"column":27}},"loc":{"start":{"line":10,"column":45},"end":{"line":35,"column":1}},"line":10},"1":{"name":"(anonymous_1)","decl":{"start":{"line":11,"column":21},"end":{"line":11,"column":22}},"loc":{"start":{"line":11,"column":42},"end":{"line":34,"column":3}},"line":11},"2":{"name":"(anonymous_2)","decl":{"start":{"line":27,"column":12},"end":{"line":27,"column":13}},"loc":{"start":{"line":27,"column":23},"end":{"line":29,"column":7}},"line":27},"3":{"name":"(anonymous_3)","decl":{"start":{"line":30,"column":13},"end":{"line":30,"column":14}},"loc":{"start":{"line":30,"column":20},"end":{"line":33,"column":7}},"line":30},"4":{"name":"createNewPosts","decl":{"start":{"line":44,"column":9},"end":{"line":44,"column":23}},"loc":{"start":{"line":44,"column":55},"end":{"line":64,"column":1}},"line":44},"5":{"name":"(anonymous_5)","decl":{"start":{"line":45,"column":21},"end":{"line":45,"column":22}},"loc":{"start":{"line":45,"column":42},"end":{"line":63,"column":3}},"line":45},"6":{"name":"(anonymous_6)","decl":{"start":{"line":57,"column":12},"end":{"line":57,"column":13}},"loc":{"start":{"line":57,"column":31},"end":{"line":59,"column":7}},"line":57},"7":{"name":"(anonymous_7)","decl":{"start":{"line":60,"column":13},"end":{"line":60,"column":14}},"loc":{"start":{"line":60,"column":20},"end":{"line":62,"column":7}},"line":60}},"branchMap":{},"s":{"0":2,"1":1,"2":1,"3":1,"4":1,"5":1,"6":0,"7":0,"8":1,"9":1,"10":1,"11":1,"12":0,"13":2},"f":{"0":1,"1":1,"2":1,"3":0,"4":1,"5":1,"6":1,"7":0},"b":{},"_coverageSchema":"1a1c01bbd47fc00a2c39e90264f33305004495a9","hash":"0bc34b3f9eab6546296d43269fac0dee415cdb4a"}
,"/Users/juandevelop/Documents/Developer/Prueba_Vecindario/vecipost/src/handlers/comments/commentsHandlers.js": {"path":"/Users/juandevelop/Documents/Developer/Prueba_Vecindario/vecipost/src/handlers/comments/commentsHandlers.js","statementMap":{"0":{"start":{"line":1,"column":47},"end":{"line":1,"column":100}},"1":{"start":{"line":11,"column":2},"end":{"line":31,"column":3}},"2":{"start":{"line":12,"column":16},"end":{"line":12,"column":26}},"3":{"start":{"line":13,"column":19},"end":{"line":13,"column":21}},"4":{"start":{"line":17,"column":4},"end":{"line":19,"column":7}},"5":{"start":{"line":18,"column":6},"end":{"line":18,"column":72}},"6":{"start":{"line":21,"column":4},"end":{"line":21,"column":23}},"7":{"start":{"line":24,"column":4},"end":{"line":30,"column":6}},"8":{"start":{"line":42,"column":2},"end":{"line":60,"column":3}},"9":{"start":{"line":43,"column":16},"end":{"line":43,"column":24}},"10":{"start":{"line":44,"column":19},"end":{"line":44,"column":21}},"11":{"start":{"line":46,"column":4},"end":{"line":48,"column":7}},"12":{"start":{"line":47,"column":6},"end":{"line":47,"column":72}},"13":{"start":{"line":50,"column":4},"end":{"line":50,"column":23}},"14":{"start":{"line":52,"column":4},"end":{"line":52,"column":19}},"15":{"start":{"line":53,"column":4},"end":{"line":59,"column":6}},"16":{"start":{"line":81,"column":0},"end":{"line":86,"column":2}}},"fnMap":{"0":{"name":"getAllPostComments","decl":{"start":{"line":10,"column":15},"end":{"line":10,"column":33}},"loc":{"start":{"line":10,"column":44},"end":{"line":32,"column":1}},"line":10},"1":{"name":"(anonymous_1)","decl":{"start":{"line":17,"column":38},"end":{"line":17,"column":39}},"loc":{"start":{"line":17,"column":51},"end":{"line":19,"column":5}},"line":17},"2":{"name":"createPostComment","decl":{"start":{"line":41,"column":15},"end":{"line":41,"column":32}},"loc":{"start":{"line":41,"column":43},"end":{"line":61,"column":1}},"line":41},"3":{"name":"(anonymous_3)","decl":{"start":{"line":46,"column":40},"end":{"line":46,"column":41}},"loc":{"start":{"line":46,"column":53},"end":{"line":48,"column":5}},"line":46},"4":{"name":"updateComment","decl":{"start":{"line":70,"column":15},"end":{"line":70,"column":28}},"loc":{"start":{"line":70,"column":39},"end":{"line":70,"column":41}},"line":70},"5":{"name":"deleteComment","decl":{"start":{"line":79,"column":15},"end":{"line":79,"column":28}},"loc":{"start":{"line":79,"column":39},"end":{"line":79,"column":41}},"line":79}},"branchMap":{},"s":{"0":2,"1":1,"2":1,"3":1,"4":1,"5":1,"6":1,"7":0,"8":1,"9":1,"10":1,"11":1,"12":1,"13":1,"14":0,"15":0,"16":2},"f":{"0":1,"1":1,"2":1,"3":1,"4":0,"5":0},"b":{},"_coverageSchema":"1a1c01bbd47fc00a2c39e90264f33305004495a9","hash":"04f3f4cdb9d37959f389c87ebc0d105c75efe2e6"}
,"/Users/juandevelop/Documents/Developer/Prueba_Vecindario/vecipost/src/handlers/errors/dictionary.js": {"path":"/Users/juandevelop/Documents/Developer/Prueba_Vecindario/vecipost/src/handlers/errors/dictionary.js","statementMap":{"0":{"start":{"line":1,"column":17},"end":{"line":6,"column":1}},"1":{"start":{"line":8,"column":0},"end":{"line":10,"column":2}}},"fnMap":{},"branchMap":{},"s":{"0":2,"1":2},"f":{},"b":{},"_coverageSchema":"1a1c01bbd47fc00a2c39e90264f33305004495a9","hash":"34c44abe56970b0f82396d5c79b7737f23c5d1ff"}
,"/Users/juandevelop/Documents/Developer/Prueba_Vecindario/vecipost/src/handlers/errors/errorsMessageBuilder.js": {"path":"/Users/juandevelop/Documents/Developer/Prueba_Vecindario/vecipost/src/handlers/errors/errorsMessageBuilder.js","statementMap":{"0":{"start":{"line":1,"column":23},"end":{"line":1,"column":46}},"1":{"start":{"line":12,"column":17},"end":{"line":12,"column":19}},"2":{"start":{"line":13,"column":2},"end":{"line":23,"column":3}},"3":{"start":{"line":14,"column":15},"end":{"line":22,"column":5}},"4":{"start":{"line":16,"column":23},"end":{"line":16,"column":46}},"5":{"start":{"line":17,"column":19},"end":{"line":17,"column":47}},"6":{"start":{"line":18,"column":24},"end":{"line":18,"column":56}},"7":{"start":{"line":19,"column":20},"end":{"line":19,"column":70}},"8":{"start":{"line":20,"column":8},"end":{"line":20,"column":32}},"9":{"start":{"line":25,"column":2},"end":{"line":25,"column":18}},"10":{"start":{"line":38,"column":2},"end":{"line":45,"column":3}},"11":{"start":{"line":40,"column":6},"end":{"line":40,"column":87}},"12":{"start":{"line":42,"column":6},"end":{"line":42,"column":62}},"13":{"start":{"line":44,"column":6},"end":{"line":44,"column":12}},"14":{"start":{"line":48,"column":0},"end":{"line":50,"column":2}}},"fnMap":{"0":{"name":"generateMessage","decl":{"start":{"line":11,"column":15},"end":{"line":11,"column":30}},"loc":{"start":{"line":11,"column":36},"end":{"line":26,"column":1}},"line":11},"1":{"name":"(anonymous_1)","decl":{"start":{"line":15,"column":21},"end":{"line":15,"column":22}},"loc":{"start":{"line":15,"column":44},"end":{"line":21,"column":7}},"line":15},"2":{"name":"buildMessageByTypeError","decl":{"start":{"line":37,"column":9},"end":{"line":37,"column":32}},"loc":{"start":{"line":37,"column":60},"end":{"line":46,"column":1}},"line":37}},"branchMap":{"0":{"loc":{"start":{"line":13,"column":2},"end":{"line":23,"column":3}},"type":"if","locations":[{"start":{"line":13,"column":2},"end":{"line":23,"column":3}},{"start":{"line":13,"column":2},"end":{"line":23,"column":3}}],"line":13},"1":{"loc":{"start":{"line":38,"column":2},"end":{"line":45,"column":3}},"type":"switch","locations":[{"start":{"line":39,"column":4},"end":{"line":40,"column":87}},{"start":{"line":41,"column":4},"end":{"line":42,"column":62}},{"start":{"line":43,"column":4},"end":{"line":44,"column":12}}],"line":38}},"s":{"0":2,"1":1,"2":1,"3":1,"4":2,"5":2,"6":2,"7":2,"8":2,"9":1,"10":2,"11":1,"12":1,"13":0,"14":2},"f":{"0":1,"1":2,"2":2},"b":{"0":[1,0],"1":[1,1,0]},"_coverageSchema":"1a1c01bbd47fc00a2c39e90264f33305004495a9","hash":"dd1b0213167bc5e54545dcef2c3c9790f3583f81"}
,"/Users/juandevelop/Documents/Developer/Prueba_Vecindario/vecipost/src/handlers/posts/postsHandlers.js": {"path":"/Users/juandevelop/Documents/Developer/Prueba_Vecindario/vecipost/src/handlers/posts/postsHandlers.js","statementMap":{"0":{"start":{"line":1,"column":47},"end":{"line":1,"column":93}},"1":{"start":{"line":12,"column":2},"end":{"line":30,"column":3}},"2":{"start":{"line":13,"column":16},"end":{"line":13,"column":26}},"3":{"start":{"line":14,"column":19},"end":{"line":14,"column":21}},"4":{"start":{"line":16,"column":4},"end":{"line":18,"column":6}},"5":{"start":{"line":17,"column":6},"end":{"line":17,"column":86}},"6":{"start":{"line":20,"column":4},"end":{"line":20,"column":23}},"7":{"start":{"line":22,"column":4},"end":{"line":22,"column":18}},"8":{"start":{"line":23,"column":4},"end":{"line":29,"column":6}},"9":{"start":{"line":41,"column":2},"end":{"line":58,"column":3}},"10":{"start":{"line":42,"column":16},"end":{"line":42,"column":24}},"11":{"start":{"line":43,"column":19},"end":{"line":43,"column":21}},"12":{"start":{"line":45,"column":4},"end":{"line":47,"column":6}},"13":{"start":{"line":46,"column":6},"end":{"line":46,"column":68}},"14":{"start":{"line":49,"column":4},"end":{"line":49,"column":23}},"15":{"start":{"line":51,"column":4},"end":{"line":57,"column":6}},"16":{"start":{"line":79,"column":0},"end":{"line":84,"column":2}}},"fnMap":{"0":{"name":"getPosts","decl":{"start":{"line":11,"column":15},"end":{"line":11,"column":23}},"loc":{"start":{"line":11,"column":34},"end":{"line":31,"column":1}},"line":11},"1":{"name":"(anonymous_1)","decl":{"start":{"line":16,"column":41},"end":{"line":16,"column":42}},"loc":{"start":{"line":16,"column":54},"end":{"line":18,"column":5}},"line":16},"2":{"name":"createPost","decl":{"start":{"line":40,"column":15},"end":{"line":40,"column":25}},"loc":{"start":{"line":40,"column":36},"end":{"line":59,"column":1}},"line":40},"3":{"name":"(anonymous_3)","decl":{"start":{"line":45,"column":37},"end":{"line":45,"column":38}},"loc":{"start":{"line":45,"column":50},"end":{"line":47,"column":5}},"line":45},"4":{"name":"updatePost","decl":{"start":{"line":68,"column":15},"end":{"line":68,"column":25}},"loc":{"start":{"line":68,"column":36},"end":{"line":68,"column":38}},"line":68},"5":{"name":"deletePost","decl":{"start":{"line":77,"column":15},"end":{"line":77,"column":25}},"loc":{"start":{"line":77,"column":36},"end":{"line":77,"column":38}},"line":77}},"branchMap":{},"s":{"0":2,"1":1,"2":1,"3":1,"4":1,"5":1,"6":1,"7":0,"8":0,"9":1,"10":1,"11":1,"12":1,"13":1,"14":1,"15":0,"16":2},"f":{"0":1,"1":1,"2":1,"3":1,"4":0,"5":0},"b":{},"_coverageSchema":"1a1c01bbd47fc00a2c39e90264f33305004495a9","hash":"3bb57193841563d139fa92c1e9cb643399efc38c"}
,"/Users/juandevelop/Documents/Developer/Prueba_Vecindario/vecipost/src/middleware/authorization.js": {"path":"/Users/juandevelop/Documents/Developer/Prueba_Vecindario/vecipost/src/middleware/authorization.js","statementMap":{"0":{"start":{"line":1,"column":12},"end":{"line":1,"column":35}},"1":{"start":{"line":2,"column":17},"end":{"line":2,"column":36}},"2":{"start":{"line":3,"column":9},"end":{"line":3,"column":22}},"3":{"start":{"line":4,"column":11},"end":{"line":4,"column":26}},"4":{"start":{"line":5,"column":19},"end":{"line":5,"column":46}},"5":{"start":{"line":7,"column":18},"end":{"line":57,"column":1}},"6":{"start":{"line":8,"column":14},"end":{"line":8,"column":38}},"7":{"start":{"line":9,"column":22},"end":{"line":9,"column":44}},"8":{"start":{"line":10,"column":2},"end":{"line":15,"column":3}},"9":{"start":{"line":11,"column":4},"end":{"line":14,"column":7}},"10":{"start":{"line":16,"column":18},"end":{"line":16,"column":83}},"11":{"start":{"line":18,"column":22},"end":{"line":24,"column":3}},"12":{"start":{"line":26,"column":2},"end":{"line":56,"column":5}},"13":{"start":{"line":27,"column":4},"end":{"line":55,"column":5}},"14":{"start":{"line":28,"column":6},"end":{"line":31,"column":9}},"15":{"start":{"line":33,"column":28},"end":{"line":33,"column":74}},"16":{"start":{"line":34,"column":18},"end":{"line":44,"column":10}},"17":{"start":{"line":43,"column":10},"end":{"line":43,"column":25}},"18":{"start":{"line":46,"column":6},"end":{"line":51,"column":7}},"19":{"start":{"line":47,"column":8},"end":{"line":50,"column":11}},"20":{"start":{"line":53,"column":6},"end":{"line":53,"column":28}},"21":{"start":{"line":54,"column":6},"end":{"line":54,"column":13}},"22":{"start":{"line":59,"column":0},"end":{"line":61,"column":2}}},"fnMap":{"0":{"name":"(anonymous_0)","decl":{"start":{"line":7,"column":18},"end":{"line":7,"column":19}},"loc":{"start":{"line":7,"column":44},"end":{"line":57,"column":1}},"line":7},"1":{"name":"(anonymous_1)","decl":{"start":{"line":26,"column":46},"end":{"line":26,"column":47}},"loc":{"start":{"line":26,"column":70},"end":{"line":56,"column":3}},"line":26},"2":{"name":"(anonymous_2)","decl":{"start":{"line":42,"column":15},"end":{"line":42,"column":16}},"loc":{"start":{"line":42,"column":22},"end":{"line":44,"column":9}},"line":42}},"branchMap":{"0":{"loc":{"start":{"line":10,"column":2},"end":{"line":15,"column":3}},"type":"if","locations":[{"start":{"line":10,"column":2},"end":{"line":15,"column":3}},{"start":{"line":10,"column":2},"end":{"line":15,"column":3}}],"line":10},"1":{"loc":{"start":{"line":10,"column":6},"end":{"line":10,"column":30}},"type":"binary-expr","locations":[{"start":{"line":10,"column":6},"end":{"line":10,"column":12}},{"start":{"line":10,"column":16},"end":{"line":10,"column":30}}],"line":10},"2":{"loc":{"start":{"line":27,"column":4},"end":{"line":55,"column":5}},"type":"if","locations":[{"start":{"line":27,"column":4},"end":{"line":55,"column":5}},{"start":{"line":27,"column":4},"end":{"line":55,"column":5}}],"line":27},"3":{"loc":{"start":{"line":46,"column":6},"end":{"line":51,"column":7}},"type":"if","locations":[{"start":{"line":46,"column":6},"end":{"line":51,"column":7}},{"start":{"line":46,"column":6},"end":{"line":51,"column":7}}],"line":46}},"s":{"0":2,"1":2,"2":2,"3":2,"4":2,"5":2,"6":0,"7":0,"8":0,"9":0,"10":0,"11":0,"12":0,"13":0,"14":0,"15":0,"16":0,"17":0,"18":0,"19":0,"20":0,"21":0,"22":2},"f":{"0":0,"1":0,"2":0},"b":{"0":[0,0],"1":[0,0],"2":[0,0],"3":[0,0]},"_coverageSchema":"1a1c01bbd47fc00a2c39e90264f33305004495a9","hash":"5b62307cfdce07265bea4c304cf069e99d3fc45d"}
,"/Users/juandevelop/Documents/Developer/Prueba_Vecindario/vecipost/src/models/posts.js": {"path":"/Users/juandevelop/Documents/Developer/Prueba_Vecindario/vecipost/src/models/posts.js","statementMap":{"0":{"start":{"line":4,"column":4},"end":{"line":4,"column":24}},"1":{"start":{"line":5,"column":0},"end":{"line":30,"column":2}},"2":{"start":{"line":14,"column":6},"end":{"line":14,"column":43}},"3":{"start":{"line":15,"column":6},"end":{"line":15,"column":41}},"4":{"start":{"line":18,"column":2},"end":{"line":28,"column":5}},"5":{"start":{"line":29,"column":2},"end":{"line":29,"column":15}}},"fnMap":{"0":{"name":"(anonymous_0)","decl":{"start":{"line":5,"column":17},"end":{"line":5,"column":18}},"loc":{"start":{"line":5,"column":43},"end":{"line":30,"column":1}},"line":5},"1":{"name":"(anonymous_1)","decl":{"start":{"line":12,"column":4},"end":{"line":12,"column":5}},"loc":{"start":{"line":12,"column":29},"end":{"line":16,"column":5}},"line":12}},"branchMap":{},"s":{"0":2,"1":2,"2":2,"3":2,"4":2,"5":2},"f":{"0":2,"1":2},"b":{},"_coverageSchema":"1a1c01bbd47fc00a2c39e90264f33305004495a9","hash":"32e8a7911a10ee43f139c8ba4a5a7812c0cc0716"}
,"/Users/juandevelop/Documents/Developer/Prueba_Vecindario/vecipost/src/models/posts_comments.js": {"path":"/Users/juandevelop/Documents/Developer/Prueba_Vecindario/vecipost/src/models/posts_comments.js","statementMap":{"0":{"start":{"line":4,"column":4},"end":{"line":4,"column":24}},"1":{"start":{"line":5,"column":0},"end":{"line":28,"column":2}},"2":{"start":{"line":14,"column":6},"end":{"line":14,"column":72}},"3":{"start":{"line":17,"column":2},"end":{"line":26,"column":5}},"4":{"start":{"line":27,"column":2},"end":{"line":27,"column":24}}},"fnMap":{"0":{"name":"(anonymous_0)","decl":{"start":{"line":5,"column":17},"end":{"line":5,"column":18}},"loc":{"start":{"line":5,"column":43},"end":{"line":28,"column":1}},"line":5},"1":{"name":"(anonymous_1)","decl":{"start":{"line":12,"column":4},"end":{"line":12,"column":5}},"loc":{"start":{"line":12,"column":29},"end":{"line":15,"column":5}},"line":12}},"branchMap":{},"s":{"0":2,"1":2,"2":2,"3":2,"4":2},"f":{"0":2,"1":2},"b":{},"_coverageSchema":"1a1c01bbd47fc00a2c39e90264f33305004495a9","hash":"5b8d497e8ab9235e339072724d996f06deb0c8af"}
,"/Users/juandevelop/Documents/Developer/Prueba_Vecindario/vecipost/src/models/posts_events.js": {"path":"/Users/juandevelop/Documents/Developer/Prueba_Vecindario/vecipost/src/models/posts_events.js","statementMap":{"0":{"start":{"line":4,"column":4},"end":{"line":4,"column":24}},"1":{"start":{"line":5,"column":0},"end":{"line":29,"column":2}},"2":{"start":{"line":14,"column":6},"end":{"line":14,"column":70}},"3":{"start":{"line":17,"column":2},"end":{"line":27,"column":5}},"4":{"start":{"line":28,"column":2},"end":{"line":28,"column":22}}},"fnMap":{"0":{"name":"(anonymous_0)","decl":{"start":{"line":5,"column":17},"end":{"line":5,"column":18}},"loc":{"start":{"line":5,"column":43},"end":{"line":29,"column":1}},"line":5},"1":{"name":"(anonymous_1)","decl":{"start":{"line":12,"column":4},"end":{"line":12,"column":5}},"loc":{"start":{"line":12,"column":29},"end":{"line":15,"column":5}},"line":12}},"branchMap":{},"s":{"0":2,"1":2,"2":2,"3":2,"4":2},"f":{"0":2,"1":2},"b":{},"_coverageSchema":"1a1c01bbd47fc00a2c39e90264f33305004495a9","hash":"0e1b52990a0e4ee9abd856ef548820137b5789cc"}
,"/Users/juandevelop/Documents/Developer/Prueba_Vecindario/vecipost/src/routes/comments/index.js": {"path":"/Users/juandevelop/Documents/Developer/Prueba_Vecindario/vecipost/src/routes/comments/index.js","statementMap":{"0":{"start":{"line":1,"column":24},"end":{"line":1,"column":65}},"1":{"start":{"line":3,"column":50},"end":{"line":3,"column":101}},"2":{"start":{"line":4,"column":28},"end":{"line":4,"column":81}},"3":{"start":{"line":7,"column":13},"end":{"line":30,"column":3}},"4":{"start":{"line":8,"column":19},"end":{"line":15,"column":5}},"5":{"start":{"line":9,"column":6},"end":{"line":12,"column":9}},"6":{"start":{"line":10,"column":25},"end":{"line":10,"column":105}},"7":{"start":{"line":11,"column":8},"end":{"line":11,"column":27}},"8":{"start":{"line":14,"column":6},"end":{"line":14,"column":13}},"9":{"start":{"line":17,"column":4},"end":{"line":17,"column":85}},"10":{"start":{"line":18,"column":4},"end":{"line":18,"column":74}},"11":{"start":{"line":22,"column":4},"end":{"line":29,"column":7}},"12":{"start":{"line":23,"column":20},"end":{"line":23,"column":46}},"13":{"start":{"line":24,"column":6},"end":{"line":28,"column":9}},"14":{"start":{"line":32,"column":2},"end":{"line":32,"column":29}}},"fnMap":{"0":{"name":"(anonymous_0)","decl":{"start":{"line":7,"column":13},"end":{"line":7,"column":14}},"loc":{"start":{"line":7,"column":22},"end":{"line":30,"column":3}},"line":7},"1":{"name":"(anonymous_1)","decl":{"start":{"line":8,"column":19},"end":{"line":8,"column":20}},"loc":{"start":{"line":8,"column":51},"end":{"line":15,"column":5}},"line":8},"2":{"name":"(anonymous_2)","decl":{"start":{"line":9,"column":28},"end":{"line":9,"column":29}},"loc":{"start":{"line":9,"column":40},"end":{"line":12,"column":7}},"line":9},"3":{"name":"(anonymous_3)","decl":{"start":{"line":22,"column":12},"end":{"line":22,"column":13}},"loc":{"start":{"line":22,"column":42},"end":{"line":29,"column":5}},"line":22}},"branchMap":{"0":{"loc":{"start":{"line":24,"column":17},"end":{"line":24,"column":34}},"type":"binary-expr","locations":[{"start":{"line":24,"column":17},"end":{"line":24,"column":27}},{"start":{"line":24,"column":31},"end":{"line":24,"column":34}}],"line":24}},"s":{"0":2,"1":2,"2":2,"3":2,"4":2,"5":2,"6":0,"7":0,"8":2,"9":2,"10":2,"11":2,"12":0,"13":0,"14":2},"f":{"0":2,"1":2,"2":0,"3":0},"b":{"0":[0,0]},"_coverageSchema":"1a1c01bbd47fc00a2c39e90264f33305004495a9","hash":"c1b219625e5a6b3f5af648cb399c4a2abe9ae150"}
,"/Users/juandevelop/Documents/Developer/Prueba_Vecindario/vecipost/src/routes/postevents/index.js": {"path":"/Users/juandevelop/Documents/Developer/Prueba_Vecindario/vecipost/src/routes/postevents/index.js","statementMap":{"0":{"start":{"line":1,"column":24},"end":{"line":1,"column":65}},"1":{"start":{"line":3,"column":21},"end":{"line":3,"column":66}},"2":{"start":{"line":6,"column":13},"end":{"line":29,"column":3}},"3":{"start":{"line":7,"column":19},"end":{"line":14,"column":5}},"4":{"start":{"line":8,"column":6},"end":{"line":11,"column":9}},"5":{"start":{"line":9,"column":25},"end":{"line":9,"column":105}},"6":{"start":{"line":10,"column":8},"end":{"line":10,"column":27}},"7":{"start":{"line":13,"column":6},"end":{"line":13,"column":13}},"8":{"start":{"line":21,"column":4},"end":{"line":28,"column":7}},"9":{"start":{"line":23,"column":6},"end":{"line":27,"column":9}},"10":{"start":{"line":31,"column":2},"end":{"line":31,"column":29}}},"fnMap":{"0":{"name":"(anonymous_0)","decl":{"start":{"line":6,"column":13},"end":{"line":6,"column":14}},"loc":{"start":{"line":6,"column":22},"end":{"line":29,"column":3}},"line":6},"1":{"name":"(anonymous_1)","decl":{"start":{"line":7,"column":19},"end":{"line":7,"column":20}},"loc":{"start":{"line":7,"column":51},"end":{"line":14,"column":5}},"line":7},"2":{"name":"(anonymous_2)","decl":{"start":{"line":8,"column":28},"end":{"line":8,"column":29}},"loc":{"start":{"line":8,"column":40},"end":{"line":11,"column":7}},"line":8},"3":{"name":"(anonymous_3)","decl":{"start":{"line":21,"column":12},"end":{"line":21,"column":13}},"loc":{"start":{"line":21,"column":37},"end":{"line":28,"column":5}},"line":21}},"branchMap":{"0":{"loc":{"start":{"line":23,"column":17},"end":{"line":23,"column":34}},"type":"binary-expr","locations":[{"start":{"line":23,"column":17},"end":{"line":23,"column":27}},{"start":{"line":23,"column":31},"end":{"line":23,"column":34}}],"line":23}},"s":{"0":2,"1":2,"2":2,"3":2,"4":0,"5":0,"6":0,"7":0,"8":2,"9":0,"10":2},"f":{"0":2,"1":0,"2":0,"3":0},"b":{"0":[0,0]},"_coverageSchema":"1a1c01bbd47fc00a2c39e90264f33305004495a9","hash":"f8a2794418f029b932fa1f75927e30469bbb3e06"}
,"/Users/juandevelop/Documents/Developer/Prueba_Vecindario/vecipost/src/routes/posts/index.js": {"path":"/Users/juandevelop/Documents/Developer/Prueba_Vecindario/vecipost/src/routes/posts/index.js","statementMap":{"0":{"start":{"line":1,"column":24},"end":{"line":1,"column":65}},"1":{"start":{"line":3,"column":57},"end":{"line":3,"column":102}},"2":{"start":{"line":4,"column":28},"end":{"line":4,"column":81}},"3":{"start":{"line":7,"column":13},"end":{"line":31,"column":3}},"4":{"start":{"line":8,"column":19},"end":{"line":15,"column":5}},"5":{"start":{"line":9,"column":6},"end":{"line":12,"column":9}},"6":{"start":{"line":10,"column":25},"end":{"line":10,"column":92}},"7":{"start":{"line":11,"column":8},"end":{"line":11,"column":27}},"8":{"start":{"line":14,"column":6},"end":{"line":14,"column":13}},"9":{"start":{"line":17,"column":4},"end":{"line":17,"column":69}},"10":{"start":{"line":18,"column":4},"end":{"line":18,"column":61}},"11":{"start":{"line":19,"column":4},"end":{"line":19,"column":62}},"12":{"start":{"line":20,"column":4},"end":{"line":20,"column":63}},"13":{"start":{"line":22,"column":4},"end":{"line":30,"column":7}},"14":{"start":{"line":24,"column":20},"end":{"line":24,"column":46}},"15":{"start":{"line":25,"column":6},"end":{"line":29,"column":9}},"16":{"start":{"line":33,"column":2},"end":{"line":33,"column":29}}},"fnMap":{"0":{"name":"(anonymous_0)","decl":{"start":{"line":7,"column":13},"end":{"line":7,"column":14}},"loc":{"start":{"line":7,"column":22},"end":{"line":31,"column":3}},"line":7},"1":{"name":"(anonymous_1)","decl":{"start":{"line":8,"column":19},"end":{"line":8,"column":20}},"loc":{"start":{"line":8,"column":51},"end":{"line":15,"column":5}},"line":8},"2":{"name":"(anonymous_2)","decl":{"start":{"line":9,"column":28},"end":{"line":9,"column":29}},"loc":{"start":{"line":9,"column":40},"end":{"line":12,"column":7}},"line":9},"3":{"name":"(anonymous_3)","decl":{"start":{"line":22,"column":12},"end":{"line":22,"column":13}},"loc":{"start":{"line":22,"column":43},"end":{"line":30,"column":5}},"line":22}},"branchMap":{"0":{"loc":{"start":{"line":25,"column":17},"end":{"line":25,"column":34}},"type":"binary-expr","locations":[{"start":{"line":25,"column":17},"end":{"line":25,"column":27}},{"start":{"line":25,"column":31},"end":{"line":25,"column":34}}],"line":25}},"s":{"0":2,"1":2,"2":2,"3":2,"4":2,"5":2,"6":0,"7":0,"8":2,"9":2,"10":2,"11":2,"12":2,"13":2,"14":1,"15":1,"16":2},"f":{"0":2,"1":2,"2":0,"3":1},"b":{"0":[1,0]},"_coverageSchema":"1a1c01bbd47fc00a2c39e90264f33305004495a9","hash":"2a88ba679b5391b08ad4c558731337113eec1220"}
}
