TN:
SF:src/app.js
FN:15,main
FNF:1
FNH:1
FNDA:2,main
DA:1,2
DA:3,2
DA:4,2
DA:5,2
DA:6,2
DA:7,2
DA:8,2
DA:11,2
DA:13,2
DA:16,2
DA:18,2
DA:20,2
DA:21,2
DA:23,2
DA:24,2
DA:26,2
DA:28,2
DA:29,6
DA:30,6
DA:31,6
DA:32,6
DA:38,6
DA:40,0
DA:45,2
DA:46,2
LF:25
LH:24
BRF:0
BRH:0
end_of_record
TN:
SF:src/db/postgresDB.js
FN:16,(anonymous_0)
FN:68,(anonymous_1)
FN:74,(anonymous_2)
FN:76,(anonymous_3)
FN:79,(anonymous_4)
FN:84,(anonymous_5)
FN:96,(anonymous_6)
FN:97,(anonymous_7)
FN:101,(anonymous_8)
FN:104,(anonymous_9)
FNF:10
FNH:6
FNDA:2,(anonymous_0)
FNDA:5,(anonymous_1)
FNDA:2,(anonymous_2)
FNDA:6,(anonymous_3)
FNDA:6,(anonymous_4)
FNDA:6,(anonymous_5)
FNDA:0,(anonymous_6)
FNDA:0,(anonymous_7)
FNDA:0,(anonymous_8)
FNDA:0,(anonymous_9)
DA:3,2
DA:5,2
DA:6,2
DA:7,2
DA:8,2
DA:17,2
DA:18,2
DA:19,2
DA:20,2
DA:21,2
DA:22,2
DA:23,2
DA:24,2
DA:26,2
DA:65,2
DA:71,5
DA:75,2
DA:77,6
DA:80,6
DA:81,6
DA:84,2
DA:85,6
DA:86,6
DA:90,2
DA:91,2
DA:92,2
DA:93,2
DA:97,0
DA:98,0
DA:99,0
DA:102,0
DA:105,0
DA:110,2
LF:33
LH:28
BRDA:18,0,0,2
BRDA:18,0,1,0
BRDA:19,1,0,2
BRDA:19,1,1,0
BRDA:20,2,0,2
BRDA:20,2,1,0
BRDA:21,3,0,2
BRDA:21,3,1,0
BRDA:22,4,0,2
BRDA:22,4,1,0
BRDA:71,5,0,5
BRDA:71,5,1,2
BRDA:77,6,0,6
BRDA:77,6,1,6
BRDA:77,6,2,6
BRDA:85,7,0,6
BRDA:85,7,1,0
BRDA:96,8,0,0
BRDA:98,9,0,0
BRDA:98,9,1,0
BRF:20
BRH:11
end_of_record
TN:
SF:src/functions/comments/commentsFunctions.js
FN:11,getPostComments
FN:12,(anonymous_1)
FN:19,(anonymous_2)
FN:22,(anonymous_3)
FN:36,createNewComments
FN:37,(anonymous_5)
FN:48,(anonymous_6)
FN:51,(anonymous_7)
FNF:8
FNH:6
FNDA:1,getPostComments
FNDA:1,(anonymous_1)
FNDA:1,(anonymous_2)
FNDA:0,(anonymous_3)
FNDA:1,createNewComments
FNDA:1,(anonymous_5)
FNDA:1,(anonymous_6)
FNDA:0,(anonymous_7)
DA:2,2
DA:12,1
DA:13,1
DA:14,1
DA:20,1
DA:23,0
DA:24,0
DA:37,1
DA:38,1
DA:40,1
DA:49,1
DA:52,0
DA:57,2
LF:13
LH:10
BRF:0
BRH:0
end_of_record
TN:
SF:src/functions/posts/postFunctions.js
FN:10,getPostsPagination
FN:11,(anonymous_1)
FN:27,(anonymous_2)
FN:30,(anonymous_3)
FN:44,createNewPosts
FN:45,(anonymous_5)
FN:57,(anonymous_6)
FN:60,(anonymous_7)
FNF:8
FNH:6
FNDA:1,getPostsPagination
FNDA:1,(anonymous_1)
FNDA:1,(anonymous_2)
FNDA:0,(anonymous_3)
FNDA:1,createNewPosts
FNDA:1,(anonymous_5)
FNDA:1,(anonymous_6)
FNDA:0,(anonymous_7)
DA:2,2
DA:11,1
DA:12,1
DA:13,1
DA:14,1
DA:28,1
DA:31,0
DA:32,0
DA:45,1
DA:46,1
DA:48,1
DA:58,1
DA:61,0
DA:66,2
LF:14
LH:11
BRF:0
BRH:0
end_of_record
TN:
SF:src/handlers/comments/commentsHandlers.js
FN:10,getAllPostComments
FN:17,(anonymous_1)
FN:41,createPostComment
FN:46,(anonymous_3)
FN:70,updateComment
FN:79,deleteComment
FNF:6
FNH:4
FNDA:1,getAllPostComments
FNDA:1,(anonymous_1)
FNDA:1,createPostComment
FNDA:1,(anonymous_3)
FNDA:0,updateComment
FNDA:0,deleteComment
DA:1,2
DA:11,1
DA:12,1
DA:13,1
DA:17,1
DA:18,1
DA:21,1
DA:24,0
DA:42,1
DA:43,1
DA:44,1
DA:46,1
DA:47,1
DA:50,1
DA:52,0
DA:53,0
DA:81,2
LF:17
LH:14
BRF:0
BRH:0
end_of_record
TN:
SF:src/handlers/errors/dictionary.js
FNF:0
FNH:0
DA:1,2
DA:8,2
LF:2
LH:2
BRF:0
BRH:0
end_of_record
TN:
SF:src/handlers/errors/errorsMessageBuilder.js
FN:11,generateMessage
FN:15,(anonymous_1)
FN:37,buildMessageByTypeError
FNF:3
FNH:3
FNDA:1,generateMessage
FNDA:2,(anonymous_1)
FNDA:2,buildMessageByTypeError
DA:1,2
DA:12,1
DA:13,1
DA:14,1
DA:16,2
DA:17,2
DA:18,2
DA:19,2
DA:20,2
DA:25,1
DA:38,2
DA:40,1
DA:42,1
DA:44,0
DA:48,2
LF:15
LH:14
BRDA:13,0,0,1
BRDA:13,0,1,0
BRDA:38,1,0,1
BRDA:38,1,1,1
BRDA:38,1,2,0
BRF:5
BRH:3
end_of_record
TN:
SF:src/handlers/posts/postsHandlers.js
FN:11,getPosts
FN:16,(anonymous_1)
FN:40,createPost
FN:45,(anonymous_3)
FN:68,updatePost
FN:77,deletePost
FNF:6
FNH:4
FNDA:1,getPosts
FNDA:1,(anonymous_1)
FNDA:1,createPost
FNDA:1,(anonymous_3)
FNDA:0,updatePost
FNDA:0,deletePost
DA:1,2
DA:12,1
DA:13,1
DA:14,1
DA:16,1
DA:17,1
DA:20,1
DA:22,0
DA:23,0
DA:41,1
DA:42,1
DA:43,1
DA:45,1
DA:46,1
DA:49,1
DA:51,0
DA:79,2
LF:17
LH:14
BRF:0
BRH:0
end_of_record
TN:
SF:src/middleware/authorization.js
FN:7,(anonymous_0)
FN:26,(anonymous_1)
FN:42,(anonymous_2)
FNF:3
FNH:0
FNDA:0,(anonymous_0)
FNDA:0,(anonymous_1)
FNDA:0,(anonymous_2)
DA:1,2
DA:2,2
DA:3,2
DA:4,2
DA:5,2
DA:7,2
DA:8,0
DA:9,0
DA:10,0
DA:11,0
DA:16,0
DA:18,0
DA:26,0
DA:27,0
DA:28,0
DA:33,0
DA:34,0
DA:43,0
DA:46,0
DA:47,0
DA:53,0
DA:54,0
DA:59,2
LF:23
LH:7
BRDA:10,0,0,0
BRDA:10,0,1,0
BRDA:10,1,0,0
BRDA:10,1,1,0
BRDA:27,2,0,0
BRDA:27,2,1,0
BRDA:46,3,0,0
BRDA:46,3,1,0
BRF:8
BRH:0
end_of_record
TN:
SF:src/models/posts.js
FN:5,(anonymous_0)
FN:12,(anonymous_1)
FNF:2
FNH:2
FNDA:2,(anonymous_0)
FNDA:2,(anonymous_1)
DA:4,2
DA:5,2
DA:14,2
DA:15,2
DA:18,2
DA:29,2
LF:6
LH:6
BRF:0
BRH:0
end_of_record
TN:
SF:src/models/posts_comments.js
FN:5,(anonymous_0)
FN:12,(anonymous_1)
FNF:2
FNH:2
FNDA:2,(anonymous_0)
FNDA:2,(anonymous_1)
DA:4,2
DA:5,2
DA:14,2
DA:17,2
DA:27,2
LF:5
LH:5
BRF:0
BRH:0
end_of_record
TN:
SF:src/models/posts_events.js
FN:5,(anonymous_0)
FN:12,(anonymous_1)
FNF:2
FNH:2
FNDA:2,(anonymous_0)
FNDA:2,(anonymous_1)
DA:4,2
DA:5,2
DA:14,2
DA:17,2
DA:28,2
LF:5
LH:5
BRF:0
BRH:0
end_of_record
TN:
SF:src/routes/comments/index.js
FN:7,(anonymous_0)
FN:8,(anonymous_1)
FN:9,(anonymous_2)
FN:22,(anonymous_3)
FNF:4
FNH:2
FNDA:2,(anonymous_0)
FNDA:2,(anonymous_1)
FNDA:0,(anonymous_2)
FNDA:0,(anonymous_3)
DA:1,2
DA:3,2
DA:4,2
DA:7,2
DA:8,2
DA:9,2
DA:10,0
DA:11,0
DA:14,2
DA:17,2
DA:18,2
DA:22,2
DA:23,0
DA:24,0
DA:32,2
LF:15
LH:11
BRDA:24,0,0,0
BRDA:24,0,1,0
BRF:2
BRH:0
end_of_record
TN:
SF:src/routes/postevents/index.js
FN:6,(anonymous_0)
FN:7,(anonymous_1)
FN:8,(anonymous_2)
FN:21,(anonymous_3)
FNF:4
FNH:1
FNDA:2,(anonymous_0)
FNDA:0,(anonymous_1)
FNDA:0,(anonymous_2)
FNDA:0,(anonymous_3)
DA:1,2
DA:3,2
DA:6,2
DA:7,2
DA:8,0
DA:9,0
DA:10,0
DA:13,0
DA:21,2
DA:23,0
DA:31,2
LF:11
LH:6
BRDA:23,0,0,0
BRDA:23,0,1,0
BRF:2
BRH:0
end_of_record
TN:
SF:src/routes/posts/index.js
FN:7,(anonymous_0)
FN:8,(anonymous_1)
FN:9,(anonymous_2)
FN:22,(anonymous_3)
FNF:4
FNH:3
FNDA:2,(anonymous_0)
FNDA:2,(anonymous_1)
FNDA:0,(anonymous_2)
FNDA:1,(anonymous_3)
DA:1,2
DA:3,2
DA:4,2
DA:7,2
DA:8,2
DA:9,2
DA:10,0
DA:11,0
DA:14,2
DA:17,2
DA:18,2
DA:19,2
DA:20,2
DA:22,2
DA:24,1
DA:25,1
DA:33,2
LF:17
LH:15
BRDA:25,0,0,1
BRDA:25,0,1,0
BRF:2
BRH:1
end_of_record
