TN:
SF:src/app.js
FN:15,main
FNF:1
FNH:1
FNDA:3,main
DA:1,3
DA:3,3
DA:4,3
DA:5,3
DA:6,3
DA:7,3
DA:8,3
DA:11,3
DA:13,3
DA:16,3
DA:18,3
DA:20,3
DA:21,3
DA:23,3
DA:24,3
DA:26,3
DA:28,3
DA:29,9
DA:30,9
DA:31,9
DA:32,9
DA:38,9
DA:40,0
DA:45,3
DA:46,3
LF:25
LH:24
BRF:0
BRH:0
end_of_record
TN:
SF:src/db/postgresDB.js
FN:16,(anonymous_0)
FN:68,(anonymous_1)
FN:74,(anonymous_2)
FN:76,(anonymous_3)
FN:79,(anonymous_4)
FN:84,(anonymous_5)
FN:96,(anonymous_6)
FN:97,(anonymous_7)
FN:101,(anonymous_8)
FN:104,(anonymous_9)
FNF:10
FNH:6
FNDA:3,(anonymous_0)
FNDA:23,(anonymous_1)
FNDA:3,(anonymous_2)
FNDA:9,(anonymous_3)
FNDA:9,(anonymous_4)
FNDA:9,(anonymous_5)
FNDA:0,(anonymous_6)
FNDA:0,(anonymous_7)
FNDA:0,(anonymous_8)
FNDA:0,(anonymous_9)
DA:3,3
DA:5,3
DA:6,3
DA:7,3
DA:8,3
DA:17,3
DA:18,3
DA:19,3
DA:20,3
DA:21,3
DA:22,3
DA:23,3
DA:24,3
DA:25,3
DA:26,3
DA:65,3
DA:71,23
DA:75,3
DA:77,9
DA:80,9
DA:81,9
DA:84,3
DA:85,9
DA:86,9
DA:90,3
DA:91,3
DA:92,3
DA:93,3
DA:97,0
DA:98,0
DA:99,0
DA:102,0
DA:105,0
DA:110,3
LF:34
LH:29
BRDA:18,0,0,3
BRDA:18,0,1,0
BRDA:19,1,0,3
BRDA:19,1,1,0
BRDA:20,2,0,3
BRDA:20,2,1,0
BRDA:21,3,0,3
BRDA:21,3,1,0
BRDA:22,4,0,3
BRDA:22,4,1,0
BRDA:71,5,0,23
BRDA:71,5,1,3
BRDA:77,6,0,9
BRDA:77,6,1,9
BRDA:77,6,2,9
BRDA:85,7,0,9
BRDA:85,7,1,0
BRDA:96,8,0,0
BRDA:98,9,0,0
BRDA:98,9,1,0
BRF:20
BRH:11
end_of_record
TN:
SF:src/functions/comments/commentsFunctions.js
FN:12,createNewComments
FN:13,(anonymous_1)
FN:23,(anonymous_2)
FN:24,(anonymous_3)
FN:29,(anonymous_4)
FNF:5
FNH:3
FNDA:1,createNewComments
FNDA:1,(anonymous_1)
FNDA:1,(anonymous_2)
FNDA:0,(anonymous_3)
FNDA:0,(anonymous_4)
DA:2,3
DA:3,3
DA:13,1
DA:14,1
DA:15,1
DA:24,1
DA:25,0
DA:27,1
DA:30,0
DA:35,3
LF:10
LH:8
BRF:0
BRH:0
end_of_record
TN:
SF:src/functions/postevents/eventsFunctions.js
FN:10,updateEventPost
FN:11,(anonymous_1)
FN:15,(anonymous_2)
FN:19,(anonymous_3)
FN:24,(anonymous_4)
FN:40,clearUserElection
FN:41,(anonymous_6)
FN:54,(anonymous_7)
FN:61,(anonymous_8)
FN:76,addLikeToPost
FN:77,(anonymous_10)
FN:90,(anonymous_11)
FN:98,(anonymous_12)
FNF:13
FNH:8
FNDA:3,updateEventPost
FNDA:3,(anonymous_1)
FNDA:0,(anonymous_2)
FNDA:0,(anonymous_3)
FNDA:0,(anonymous_4)
FNDA:1,clearUserElection
FNDA:1,(anonymous_6)
FNDA:1,(anonymous_7)
FNDA:0,(anonymous_8)
FNDA:2,addLikeToPost
FNDA:2,(anonymous_10)
FNDA:2,(anonymous_11)
FNDA:0,(anonymous_12)
DA:1,3
DA:2,3
DA:11,3
DA:12,3
DA:14,3
DA:15,1
DA:16,0
DA:19,2
DA:20,0
DA:24,3
DA:25,0
DA:28,3
DA:41,1
DA:42,1
DA:43,1
DA:55,1
DA:56,1
DA:58,0
DA:62,0
DA:77,2
DA:78,2
DA:79,2
DA:91,2
DA:92,2
DA:93,2
DA:94,2
DA:96,2
DA:99,0
DA:104,3
LF:29
LH:23
BRDA:14,0,0,1
BRDA:14,0,1,2
BRDA:55,1,0,1
BRDA:55,1,1,0
BRDA:86,2,0,2
BRDA:86,2,1,0
BRDA:87,3,0,0
BRDA:87,3,1,2
BRDA:91,4,0,2
BRDA:91,4,1,0
BRDA:92,5,0,2
BRDA:92,5,1,0
BRDA:93,6,0,0
BRDA:93,6,1,2
BRF:14
BRH:8
end_of_record
TN:
SF:src/functions/posts/postFunctions.js
FN:12,getPostDetail
FN:13,(anonymous_1)
FN:71,(anonymous_2)
FN:74,(anonymous_3)
FN:87,getPostsPagination
FN:88,(anonymous_5)
FN:148,(anonymous_6)
FN:151,(anonymous_7)
FN:165,getPostById
FN:166,(anonymous_9)
FN:222,(anonymous_10)
FN:225,(anonymous_11)
FN:239,createNewPosts
FN:240,(anonymous_13)
FN:250,(anonymous_14)
FN:253,(anonymous_15)
FNF:16
FNH:9
FNDA:5,getPostDetail
FNDA:5,(anonymous_1)
FNDA:5,(anonymous_2)
FNDA:0,(anonymous_3)
FNDA:1,getPostsPagination
FNDA:1,(anonymous_5)
FNDA:1,(anonymous_6)
FNDA:0,(anonymous_7)
FNDA:0,getPostById
FNDA:0,(anonymous_9)
FNDA:0,(anonymous_10)
FNDA:0,(anonymous_11)
FNDA:1,createNewPosts
FNDA:1,(anonymous_13)
FNDA:1,(anonymous_14)
FNDA:0,(anonymous_15)
DA:2,3
DA:13,5
DA:14,5
DA:15,5
DA:16,5
DA:18,5
DA:72,5
DA:75,0
DA:76,0
DA:88,1
DA:89,1
DA:90,1
DA:91,1
DA:93,1
DA:149,1
DA:152,0
DA:153,0
DA:166,0
DA:167,0
DA:168,0
DA:169,0
DA:223,0
DA:226,0
DA:227,0
DA:240,1
DA:241,1
DA:243,1
DA:251,1
DA:254,0
DA:259,3
LF:30
LH:18
BRF:0
BRH:0
end_of_record
TN:
SF:src/handlers/comments/commentsHandlers.js
FN:13,getAllPostComments
FN:18,(anonymous_1)
FN:42,createPostComment
FN:47,(anonymous_3)
FN:70,updateComment
FN:79,deleteComment
FNF:6
FNH:4
FNDA:1,getAllPostComments
FNDA:1,(anonymous_1)
FNDA:1,createPostComment
FNDA:1,(anonymous_3)
FNDA:0,updateComment
FNDA:0,deleteComment
DA:1,3
DA:2,3
DA:14,1
DA:15,1
DA:16,1
DA:18,1
DA:19,1
DA:22,1
DA:25,0
DA:43,1
DA:44,1
DA:45,1
DA:47,1
DA:48,1
DA:51,1
DA:53,0
DA:81,3
LF:17
LH:15
BRF:0
BRH:0
end_of_record
TN:
SF:src/handlers/errors/dictionary.js
FNF:0
FNH:0
DA:1,3
DA:8,3
LF:2
LH:2
BRF:0
BRH:0
end_of_record
TN:
SF:src/handlers/errors/errorsMessageBuilder.js
FN:11,generateMessage
FN:15,(anonymous_1)
FN:37,buildMessageByTypeError
FNF:3
FNH:3
FNDA:1,generateMessage
FNDA:2,(anonymous_1)
FNDA:2,buildMessageByTypeError
DA:1,3
DA:12,1
DA:13,1
DA:14,1
DA:16,2
DA:17,2
DA:18,2
DA:19,2
DA:20,2
DA:25,1
DA:38,2
DA:40,1
DA:42,1
DA:44,0
DA:48,3
LF:15
LH:14
BRDA:13,0,0,1
BRDA:13,0,1,0
BRDA:38,1,0,1
BRDA:38,1,1,1
BRDA:38,1,2,0
BRF:5
BRH:3
end_of_record
TN:
SF:src/handlers/posts/postsHandlers.js
FN:11,getPosts
FN:15,(anonymous_1)
FN:38,createPost
FN:43,(anonymous_3)
FN:66,updatePost
FN:75,deletePost
FNF:6
FNH:4
FNDA:1,getPosts
FNDA:1,(anonymous_1)
FNDA:1,createPost
FNDA:1,(anonymous_3)
FNDA:0,updatePost
FNDA:0,deletePost
DA:1,3
DA:12,1
DA:13,1
DA:14,1
DA:15,1
DA:16,1
DA:19,1
DA:21,0
DA:39,1
DA:40,1
DA:41,1
DA:43,1
DA:44,1
DA:47,1
DA:49,0
DA:77,3
LF:16
LH:14
BRF:0
BRH:0
end_of_record
TN:
SF:src/handlers/postsevents/index.js
FN:10,setPostLike
FN:23,(anonymous_1)
FN:26,(anonymous_2)
FNF:3
FNH:2
FNDA:4,setPostLike
FNDA:3,(anonymous_1)
FNDA:0,(anonymous_2)
DA:1,3
DA:11,4
DA:12,4
DA:13,4
DA:14,4
DA:16,4
DA:17,1
DA:18,1
DA:19,1
DA:22,3
DA:24,3
DA:27,0
DA:28,0
DA:31,3
DA:33,0
DA:34,0
DA:44,3
LF:17
LH:13
BRDA:16,0,0,1
BRDA:16,0,1,3
BRF:2
BRH:2
end_of_record
TN:
SF:src/middleware/authorization.js
FN:1,(anonymous_0)
FNF:1
FNH:1
FNDA:7,(anonymous_0)
DA:1,3
DA:2,7
DA:4,7
DA:5,5
DA:6,2
DA:7,2
DA:9,7
DA:12,3
LF:8
LH:8
BRDA:4,0,0,5
BRDA:4,0,1,2
BRDA:6,1,0,2
BRDA:6,1,1,0
BRF:4
BRH:3
end_of_record
TN:
SF:src/models/posts.js
FN:5,(anonymous_0)
FN:12,(anonymous_1)
FNF:2
FNH:2
FNDA:3,(anonymous_0)
FNDA:3,(anonymous_1)
DA:4,3
DA:5,3
DA:14,3
DA:15,3
DA:18,3
DA:27,3
LF:6
LH:6
BRF:0
BRH:0
end_of_record
TN:
SF:src/models/posts_comments.js
FN:5,(anonymous_0)
FN:12,(anonymous_1)
FNF:2
FNH:2
FNDA:3,(anonymous_0)
FNDA:3,(anonymous_1)
DA:4,3
DA:5,3
DA:14,3
DA:17,3
DA:27,3
LF:5
LH:5
BRF:0
BRH:0
end_of_record
TN:
SF:src/models/posts_events.js
FN:5,(anonymous_0)
FN:12,(anonymous_1)
FNF:2
FNH:2
FNDA:3,(anonymous_0)
FNDA:3,(anonymous_1)
DA:4,3
DA:5,3
DA:14,3
DA:17,3
DA:27,3
LF:5
LH:5
BRF:0
BRH:0
end_of_record
TN:
SF:src/routes/comments/index.js
FN:7,(anonymous_0)
FN:8,(anonymous_1)
FN:9,(anonymous_2)
FN:20,(anonymous_3)
FNF:4
FNH:2
FNDA:3,(anonymous_0)
FNDA:2,(anonymous_1)
FNDA:0,(anonymous_2)
FNDA:0,(anonymous_3)
DA:1,3
DA:3,3
DA:4,3
DA:7,3
DA:8,3
DA:9,2
DA:10,0
DA:11,0
DA:14,2
DA:17,3
DA:18,3
DA:20,3
DA:21,0
DA:22,0
DA:30,3
LF:15
LH:11
BRDA:22,0,0,0
BRDA:22,0,1,0
BRF:2
BRH:0
end_of_record
TN:
SF:src/routes/posts/index.js
FN:7,(anonymous_0)
FN:8,(anonymous_1)
FN:9,(anonymous_2)
FN:22,(anonymous_3)
FNF:4
FNH:3
FNDA:3,(anonymous_0)
FNDA:2,(anonymous_1)
FNDA:0,(anonymous_2)
FNDA:1,(anonymous_3)
DA:1,3
DA:3,3
DA:4,3
DA:7,3
DA:8,3
DA:9,2
DA:10,0
DA:11,0
DA:14,2
DA:17,3
DA:18,3
DA:19,3
DA:20,3
DA:22,3
DA:24,1
DA:25,1
DA:33,3
LF:17
LH:15
BRDA:25,0,0,1
BRDA:25,0,1,0
BRF:2
BRH:1
end_of_record
TN:
SF:src/routes/postsevents/index.js
FN:4,(anonymous_0)
FN:5,(anonymous_1)
FN:6,(anonymous_2)
FN:16,(anonymous_3)
FNF:4
FNH:2
FNDA:3,(anonymous_0)
FNDA:4,(anonymous_1)
FNDA:0,(anonymous_2)
FNDA:0,(anonymous_3)
DA:1,3
DA:2,3
DA:4,3
DA:5,3
DA:6,4
DA:7,0
DA:8,0
DA:11,4
DA:14,3
DA:16,3
DA:18,0
DA:26,3
LF:12
LH:9
BRDA:18,0,0,0
BRDA:18,0,1,0
BRF:2
BRH:0
end_of_record
